2020-10-09 20:05:08,865 INFO org.springframework.boot.StartupInfoLogger[main]Starting ObjDetectorApplication on DESKTOP-ASB17NR with PID 3556 (C:\Users\Constantin\IdeaProjects\VideoSurveillance\target\classes started by Constantin in C:\Users\Constantin\IdeaProjects\VideoSurveillance)
2020-10-09 20:05:08,871 INFO org.springframework.boot.SpringApplication[main]No active profile set, falling back to default profiles: default
2020-10-09 20:05:09,736 INFO org.springframework.boot.web.embedded.tomcat.TomcatWebServer[main]Tomcat initialized with port(s): 8080 (http)
2020-10-09 20:05:09,749 INFO org.apache.juli.logging.DirectJDKLog[main]Initializing ProtocolHandler ["http-nio-8080"]
2020-10-09 20:05:09,749 INFO org.apache.juli.logging.DirectJDKLog[main]Starting service [Tomcat]
2020-10-09 20:05:09,750 INFO org.apache.juli.logging.DirectJDKLog[main]Starting Servlet engine: [Apache Tomcat/9.0.37]
2020-10-09 20:05:09,832 INFO org.apache.juli.logging.DirectJDKLog[main]Initializing Spring embedded WebApplicationContext
2020-10-09 20:05:09,832 INFO org.springframework.boot.web.servlet.context.ServletWebServerApplicationContext[main]Root WebApplicationContext: initialization completed in 918 ms
2020-10-09 20:05:10,307 INFO org.springframework.scheduling.concurrent.ExecutorConfigurationSupport[main]Initializing ExecutorService 'applicationTaskExecutor'
2020-10-09 20:05:10,480 INFO org.springframework.scheduling.concurrent.ExecutorConfigurationSupport[main]Initializing ExecutorService 'taskScheduler'
2020-10-09 20:05:10,493 INFO org.apache.juli.logging.DirectJDKLog[main]Starting ProtocolHandler ["http-nio-8080"]
2020-10-09 20:05:10,510 INFO org.springframework.boot.web.embedded.tomcat.TomcatWebServer[main]Tomcat started on port(s): 8080 (http) with context path ''
2020-10-09 20:05:10,524 INFO org.springframework.boot.StartupInfoLogger[main]Started ObjDetectorApplication in 2.056 seconds (JVM running for 2.41)
2020-10-09 20:05:10,526 INFO com.matis.objdetector.Model.VideoChannel.ChannelsContainer[main]Deserialization process has started
2020-10-09 20:05:10,550 INFO com.matis.objdetector.Model.VideoChannel.ChannelsContainer[main]Channel:[Nr:1,ID:XW5obTT9,Name:Channel_1] has been deserialized
2020-10-09 20:05:10,552 INFO com.matis.objdetector.Model.VideoChannel.ChannelsContainer[main]Channel:[Nr:7,ID:vbjF3duM,Name:Channel_7] has been deserialized
2020-10-09 20:05:10,553 INFO com.matis.objdetector.Model.VideoChannel.ChannelsContainer[main]Channel:[Nr:3,ID:hhwVM5Xg,Name:Channel_3] has been deserialized
2020-10-09 20:05:10,555 INFO com.matis.objdetector.Model.VideoChannel.ChannelsContainer[main]Channel:[Nr:6,ID:JP5hASPL,Name:Channel_6] has been deserialized
2020-10-09 20:05:10,556 INFO com.matis.objdetector.Model.VideoChannel.ChannelsContainer[main]Channel:[Nr:5,ID:z4W1Mi5M,Name:Channel_5] has been deserialized
2020-10-09 20:05:10,557 INFO com.matis.objdetector.Model.VideoChannel.ChannelsContainer[main]Channel:[Nr:4,ID:BbsfOoby,Name:Channel_4] has been deserialized
2020-10-09 20:05:10,558 INFO com.matis.objdetector.Model.VideoChannel.ChannelsContainer[main]Channel:[Nr:2,ID:cDi14sU5,Name:Channel_2] has been deserialized
2020-10-09 20:05:10,559 INFO com.matis.objdetector.Model.VideoChannel.ChannelsContainer[main]Channel:[Nr:8,ID:dyNnFH3h,Name:Channel_8] has been deserialized
2020-10-09 20:05:10,559 INFO com.matis.objdetector.Model.VideoChannel.ChannelsContainer[main]Deserialization process has ended
2020-10-09 20:05:10,560 INFO com.matis.objdetector.Model.VideoChannel.ChannelsContainer[main]Serialization process has started
2020-10-09 20:05:10,562 INFO com.matis.objdetector.Model.VideoChannel.ChannelsContainer[main]Channel:[Nr:1,ID:XW5obTT9,Name:Channel_1] has been serialized
2020-10-09 20:05:10,563 INFO com.matis.objdetector.Model.VideoChannel.ChannelsContainer[main]Channel:[Nr:7,ID:vbjF3duM,Name:Channel_7] has been serialized
2020-10-09 20:05:10,563 INFO com.matis.objdetector.Model.VideoChannel.ChannelsContainer[main]Channel:[Nr:3,ID:hhwVM5Xg,Name:Channel_3] has been serialized
2020-10-09 20:05:10,564 INFO com.matis.objdetector.Model.VideoChannel.ChannelsContainer[main]Channel:[Nr:6,ID:JP5hASPL,Name:Channel_6] has been serialized
2020-10-09 20:05:10,564 INFO com.matis.objdetector.Model.VideoChannel.ChannelsContainer[main]Channel:[Nr:5,ID:z4W1Mi5M,Name:Channel_5] has been serialized
2020-10-09 20:05:10,564 INFO com.matis.objdetector.Model.VideoChannel.ChannelsContainer[main]Channel:[Nr:4,ID:BbsfOoby,Name:Channel_4] has been serialized
2020-10-09 20:05:10,565 INFO com.matis.objdetector.Model.VideoChannel.ChannelsContainer[main]Channel:[Nr:2,ID:cDi14sU5,Name:Channel_2] has been serialized
2020-10-09 20:05:10,565 INFO com.matis.objdetector.Model.VideoChannel.ChannelsContainer[main]Channel:[Nr:8,ID:dyNnFH3h,Name:Channel_8] has been serialized
2020-10-09 20:05:10,565 INFO com.matis.objdetector.Model.VideoChannel.ChannelsContainer[main]Serialization process has ended
2020-10-09 20:05:11,574 INFO com.matis.objdetector.Model.VideoChannel.Channel[z4W1Mi5M]Channel z4W1Mi5M-->released in new thread
2020-10-09 20:05:11,574 INFO com.matis.objdetector.Model.VideoChannel.Channel[JP5hASPL]Channel JP5hASPL-->released in new thread
2020-10-09 20:05:11,574 INFO com.matis.objdetector.Model.VideoChannel.Channel[dyNnFH3h]Channel dyNnFH3h-->released in new thread
2020-10-09 20:05:11,574 INFO com.matis.objdetector.Model.VideoChannel.Channel[BbsfOoby]Channel BbsfOoby-->released in new thread
2020-10-09 20:05:11,574 INFO com.matis.objdetector.Model.VideoChannel.Channel[vbjF3duM]Channel vbjF3duM-->released in new thread
2020-10-09 20:05:11,574 INFO com.matis.objdetector.Model.VideoChannel.Channel[hhwVM5Xg]Channel hhwVM5Xg-->released in new thread
2020-10-09 20:05:11,574 INFO com.matis.objdetector.Model.VideoChannel.Channel[cDi14sU5]Channel cDi14sU5-->released in new thread
2020-10-09 20:05:11,574 INFO com.matis.objdetector.Model.VideoChannel.Channel[XW5obTT9]Channel XW5obTT9-->released in new thread
2020-10-09 20:05:11,575 INFO com.matis.objdetector.Model.VideoChannel.Channel[z4W1Mi5M]Channel z4W1Mi5M-->channel has been enabled
2020-10-09 20:05:11,575 INFO com.matis.objdetector.Model.VideoChannel.Channel[BbsfOoby]Channel BbsfOoby-->channel has been enabled
2020-10-09 20:05:11,575 INFO com.matis.objdetector.Model.VideoChannel.Channel[dyNnFH3h]Channel dyNnFH3h-->channel has been enabled
2020-10-09 20:05:11,575 INFO com.matis.objdetector.Model.VideoChannel.Channel[hhwVM5Xg]Channel hhwVM5Xg-->channel has been enabled
2020-10-09 20:05:11,575 INFO com.matis.objdetector.Model.VideoChannel.Channel[JP5hASPL]Channel JP5hASPL-->channel has been enabled
2020-10-09 20:05:11,575 INFO com.matis.objdetector.Model.VideoChannel.Channel[cDi14sU5]Channel cDi14sU5-->channel has been enabled
2020-10-09 20:05:11,575 INFO com.matis.objdetector.Model.VideoChannel.Channel[vbjF3duM]Channel vbjF3duM-->channel has been enabled
2020-10-09 20:05:11,576 INFO com.matis.objdetector.Model.VideoChannel.Channel[vbjF3duM]Channel_vbjF3duM_launch componnents
2020-10-09 20:05:11,575 INFO com.matis.objdetector.Model.VideoChannel.Channel[z4W1Mi5M]Channel_z4W1Mi5M_launch componnents
2020-10-09 20:05:11,575 INFO com.matis.objdetector.Model.VideoChannel.Channel[hhwVM5Xg]Channel_hhwVM5Xg_launch componnents
2020-10-09 20:05:11,576 INFO com.matis.objdetector.Model.VideoChannel.Channel[cDi14sU5]Channel_cDi14sU5_launch componnents
2020-10-09 20:05:11,576 INFO com.matis.objdetector.Model.VideoChannel.Channel[BbsfOoby]Channel_BbsfOoby_launch componnents
2020-10-09 20:05:11,576 INFO com.matis.objdetector.Model.VideoChannel.Channel[JP5hASPL]Channel_JP5hASPL_launch componnents
2020-10-09 20:05:11,575 INFO com.matis.objdetector.Model.VideoChannel.Channel[XW5obTT9]Channel XW5obTT9-->channel has been enabled
2020-10-09 20:05:11,576 INFO com.matis.objdetector.Model.VideoChannel.Channel[dyNnFH3h]Channel_dyNnFH3h_launch componnents
2020-10-09 20:05:11,577 INFO com.matis.objdetector.Model.VideoChannel.Channel[vbjF3duM]Channel_vbjF3duM_stream_701_launched
2020-10-09 20:05:11,577 INFO com.matis.objdetector.Model.VideoChannel.Channel[hhwVM5Xg]Channel_hhwVM5Xg_stream_301_launched
2020-10-09 20:05:11,577 INFO com.matis.objdetector.Model.VideoChannel.Channel[XW5obTT9]Channel_XW5obTT9_launch componnents
2020-10-09 20:05:11,578 INFO com.matis.objdetector.Model.VideoChannel.Channel[z4W1Mi5M]Channel_z4W1Mi5M_stream_501_launched
2020-10-09 20:05:11,578 INFO com.matis.objdetector.Model.VideoChannel.Channel[BbsfOoby]Channel_BbsfOoby_stream_401_launched
2020-10-09 20:05:11,578 INFO com.matis.objdetector.Model.VideoChannel.Channel[cDi14sU5]Channel_cDi14sU5_stream_201_launched
2020-10-09 20:05:11,578 INFO com.matis.objdetector.Model.VideoChannel.Channel[hhwVM5Xg]Channel_hhwVM5Xg_stream_302_launched
2020-10-09 20:05:11,578 INFO com.matis.objdetector.Model.VideoChannel.Channel[z4W1Mi5M]Channel_z4W1Mi5M_stream_502_launched
2020-10-09 20:05:11,578 INFO com.matis.objdetector.Model.VideoChannel.Channel[JP5hASPL]Channel_JP5hASPL_stream_601_launched
2020-10-09 20:05:11,578 INFO com.matis.objdetector.Model.VideoChannel.Channel[z4W1Mi5M]Channel_z4W1Mi5M_mdetector_launched
2020-10-09 20:05:11,578 INFO com.matis.objdetector.Model.VideoChannel.Channel[dyNnFH3h]Channel_dyNnFH3h_stream_801_launched
2020-10-09 20:05:11,578 INFO com.matis.objdetector.Model.VideoChannel.Channel[XW5obTT9]Channel_XW5obTT9_stream_101_launched
2020-10-09 20:05:11,578 INFO com.matis.objdetector.Model.VideoChannel.Channel[z4W1Mi5M]Componnents launched
2020-10-09 20:05:11,578 INFO com.matis.objdetector.Model.VideoChannel.Channel[vbjF3duM]Channel_vbjF3duM_stream_702_launched
2020-10-09 20:05:11,578 INFO com.matis.objdetector.Model.VideoChannel.Channel[BbsfOoby]Channel_BbsfOoby_stream_402_launched
2020-10-09 20:05:11,578 INFO com.matis.objdetector.Model.VideoChannel.Channel[cDi14sU5]Channel_cDi14sU5_stream_202_launched
2020-10-09 20:05:11,578 INFO com.matis.objdetector.Model.VideoChannel.Channel[vbjF3duM]Channel_vbjF3duM_mdetector_launched
2020-10-09 20:05:11,578 INFO com.matis.objdetector.Model.VideoChannel.Channel[hhwVM5Xg]Channel_hhwVM5Xg_mdetector_launched
2020-10-09 20:05:11,579 INFO com.matis.objdetector.Model.VideoChannel.Channel[vbjF3duM]Componnents launched
2020-10-09 20:05:11,579 INFO com.matis.objdetector.Model.VideoChannel.Channel[XW5obTT9]Channel_XW5obTT9_stream_102_launched
2020-10-09 20:05:11,579 INFO com.matis.objdetector.Model.VideoChannel.Channel[hhwVM5Xg]Componnents launched
2020-10-09 20:05:11,579 INFO com.matis.objdetector.Model.VideoChannel.Channel[JP5hASPL]Channel_JP5hASPL_stream_602_launched
2020-10-09 20:05:11,579 INFO com.matis.objdetector.Model.VideoChannel.Channel[dyNnFH3h]Channel_dyNnFH3h_stream_802_launched
2020-10-09 20:05:11,579 INFO com.matis.objdetector.Model.VideoChannel.Channel[cDi14sU5]Channel_cDi14sU5_mdetector_launched
2020-10-09 20:05:11,579 INFO com.matis.objdetector.Model.VideoChannel.Channel[BbsfOoby]Channel_BbsfOoby_mdetector_launched
2020-10-09 20:05:11,579 INFO com.matis.objdetector.Model.VideoChannel.Channel[XW5obTT9]Channel_XW5obTT9_mdetector_launched
2020-10-09 20:05:11,581 INFO com.matis.objdetector.Model.VideoChannel.Channel[XW5obTT9]Componnents launched
2020-10-09 20:05:11,581 INFO com.matis.objdetector.Model.VideoChannel.Channel[cDi14sU5]Componnents launched
2020-10-09 20:05:11,581 INFO com.matis.objdetector.Model.VideoChannel.Channel[JP5hASPL]Channel_JP5hASPL_mdetector_launched
2020-10-09 20:05:11,581 INFO com.matis.objdetector.Model.VideoChannel.Channel[BbsfOoby]Componnents launched
2020-10-09 20:05:11,581 INFO com.matis.objdetector.Model.VideoChannel.Channel[dyNnFH3h]Channel_dyNnFH3h_mdetector_launched
2020-10-09 20:05:11,581 INFO com.matis.objdetector.Model.VideoChannel.Channel[JP5hASPL]Componnents launched
2020-10-09 20:05:11,581 INFO com.matis.objdetector.Model.VideoChannel.Channel[dyNnFH3h]Componnents launched
2020-10-09 20:05:12,592 INFO com.matis.objdetector.Model.VideoChannel.VideoStream[vbjF3duM-702]stream released in new thread
2020-10-09 20:05:12,592 INFO com.matis.objdetector.Model.VideoChannel.VideoStream[JP5hASPL-601]stream released in new thread
2020-10-09 20:05:12,592 INFO com.matis.objdetector.Model.VideoChannel.MotionDetector[pool-48-thread-3MD]MD started
2020-10-09 20:05:12,592 INFO com.matis.objdetector.Model.VideoChannel.VideoStream[z4W1Mi5M-501]stream released in new thread
2020-10-09 20:05:12,592 INFO com.matis.objdetector.Model.VideoChannel.MotionDetector[pool-45-thread-3MD]MD started
2020-10-09 20:05:12,592 INFO com.matis.objdetector.Model.VideoChannel.VideoStream[vbjF3duM-701]stream released in new thread
2020-10-09 20:05:12,592 INFO com.matis.objdetector.Model.VideoChannel.VideoStream[z4W1Mi5M-501]Stream is waiting to be enabled
2020-10-09 20:05:12,592 INFO com.matis.objdetector.Model.VideoChannel.VideoStream[hhwVM5Xg-302]stream released in new thread
2020-10-09 20:05:12,592 INFO com.matis.objdetector.Model.VideoChannel.MotionDetector[pool-42-thread-3MD]MD started
2020-10-09 20:05:12,592 INFO com.matis.objdetector.Model.VideoChannel.VideoStream[vbjF3duM-701]Stream is waiting to be enabled
2020-10-09 20:05:12,592 INFO com.matis.objdetector.Model.VideoChannel.VideoStream[JP5hASPL-601]Stream is waiting to be enabled
2020-10-09 20:05:12,592 INFO com.matis.objdetector.Model.VideoChannel.MotionDetector[pool-43-thread-3MD]MD started
2020-10-09 20:05:12,592 INFO com.matis.objdetector.Model.VideoChannel.MotionDetector[pool-49-thread-3MD]MD started
2020-10-09 20:05:12,592 INFO com.matis.objdetector.Model.VideoChannel.VideoStream[cDi14sU5-201]stream released in new thread
2020-10-09 20:05:12,592 INFO com.matis.objdetector.Model.VideoChannel.MotionDetector[pool-46-thread-3MD]MD started
2020-10-09 20:05:12,592 INFO com.matis.objdetector.Model.VideoChannel.MotionDetector[pool-44-thread-3MD]MD started
2020-10-09 20:05:12,592 INFO com.matis.objdetector.Model.VideoChannel.VideoStream[XW5obTT9-102]stream released in new thread
2020-10-09 20:05:12,592 INFO com.matis.objdetector.Model.VideoChannel.VideoStream[BbsfOoby-402]stream released in new thread
2020-10-09 20:05:12,592 INFO com.matis.objdetector.Model.VideoChannel.VideoStream[XW5obTT9-101]stream released in new thread
2020-10-09 20:05:12,592 INFO com.matis.objdetector.Model.VideoChannel.MotionDetector[pool-47-thread-3MD]MD started
2020-10-09 20:05:12,592 INFO com.matis.objdetector.Model.VideoChannel.VideoStream[hhwVM5Xg-301]stream released in new thread
2020-10-09 20:05:12,592 INFO com.matis.objdetector.Model.VideoChannel.VideoStream[JP5hASPL-602]stream released in new thread
2020-10-09 20:05:12,593 INFO com.matis.objdetector.Model.VideoChannel.VideoStream[XW5obTT9-102]the stream has been enabled
2020-10-09 20:05:12,592 INFO com.matis.objdetector.Model.VideoChannel.VideoStream[dyNnFH3h-801]stream released in new thread
2020-10-09 20:05:12,592 INFO com.matis.objdetector.Model.VideoChannel.VideoStream[vbjF3duM-702]Stream is waiting to be enabled
2020-10-09 20:05:12,592 INFO com.matis.objdetector.Model.VideoChannel.VideoStream[z4W1Mi5M-502]stream released in new thread
2020-10-09 20:05:12,592 INFO com.matis.objdetector.Model.VideoChannel.VideoStream[BbsfOoby-401]stream released in new thread
2020-10-09 20:05:12,592 INFO com.matis.objdetector.Model.VideoChannel.VideoStream[hhwVM5Xg-302]Stream is waiting to be enabled
2020-10-09 20:05:12,592 INFO com.matis.objdetector.Model.VideoChannel.VideoStream[cDi14sU5-201]Stream is waiting to be enabled
2020-10-09 20:05:12,593 INFO com.matis.objdetector.Model.VideoChannel.VideoStream[dyNnFH3h-801]Stream is waiting to be enabled
2020-10-09 20:05:12,592 INFO com.matis.objdetector.Model.VideoChannel.VideoStream[cDi14sU5-202]stream released in new thread
2020-10-09 20:05:12,593 INFO com.matis.objdetector.Model.VideoChannel.VideoStream[z4W1Mi5M-502]Stream is waiting to be enabled
2020-10-09 20:05:12,592 INFO com.matis.objdetector.Model.VideoChannel.VideoStream[dyNnFH3h-802]stream released in new thread
2020-10-09 20:05:12,593 INFO com.matis.objdetector.Model.VideoChannel.VideoStream[BbsfOoby-402]Stream is waiting to be enabled
2020-10-09 20:05:12,593 INFO com.matis.objdetector.Model.VideoChannel.VideoStream[XW5obTT9-101]the stream has been enabled
2020-10-09 20:05:12,593 INFO com.matis.objdetector.Model.VideoChannel.VideoStream[hhwVM5Xg-301]Stream is waiting to be enabled
2020-10-09 20:05:12,593 INFO com.matis.objdetector.Model.VideoChannel.VideoStream[JP5hASPL-602]Stream is waiting to be enabled
2020-10-09 20:05:12,593 INFO com.matis.objdetector.Model.VideoChannel.VideoStream[BbsfOoby-401]Stream is waiting to be enabled
2020-10-09 20:05:12,593 INFO com.matis.objdetector.Model.VideoChannel.VideoStream[cDi14sU5-202]Stream is waiting to be enabled
2020-10-09 20:05:12,593 INFO com.matis.objdetector.Model.VideoChannel.VideoStream[dyNnFH3h-802]Stream is waiting to be enabled
2020-10-09 20:05:23,511 INFO org.apache.juli.logging.DirectJDKLog[http-nio-8080-exec-1]Initializing Spring DispatcherServlet 'dispatcherServlet'
2020-10-09 20:05:23,511 INFO org.springframework.web.servlet.FrameworkServlet[http-nio-8080-exec-1]Initializing Servlet 'dispatcherServlet'
2020-10-09 20:05:23,515 INFO org.springframework.web.servlet.FrameworkServlet[http-nio-8080-exec-1]Completed initialization in 3 ms
2020-10-09 20:34:17,678 INFO org.springframework.boot.StartupInfoLogger[main]Starting ObjDetectorApplication on DESKTOP-ASB17NR with PID 15936 (C:\Users\Constantin\IdeaProjects\VideoSurveillance\target\classes started by Constantin in C:\Users\Constantin\IdeaProjects\VideoSurveillance)
2020-10-09 20:34:17,680 INFO org.springframework.boot.SpringApplication[main]No active profile set, falling back to default profiles: default
2020-10-09 20:34:18,471 INFO org.springframework.boot.web.embedded.tomcat.TomcatWebServer[main]Tomcat initialized with port(s): 8080 (http)
2020-10-09 20:34:18,478 INFO org.apache.juli.logging.DirectJDKLog[main]Initializing ProtocolHandler ["http-nio-8080"]
2020-10-09 20:34:18,478 INFO org.apache.juli.logging.DirectJDKLog[main]Starting service [Tomcat]
2020-10-09 20:34:18,479 INFO org.apache.juli.logging.DirectJDKLog[main]Starting Servlet engine: [Apache Tomcat/9.0.37]
2020-10-09 20:34:18,554 INFO org.apache.juli.logging.DirectJDKLog[main]Initializing Spring embedded WebApplicationContext
2020-10-09 20:34:18,555 INFO org.springframework.boot.web.servlet.context.ServletWebServerApplicationContext[main]Root WebApplicationContext: initialization completed in 840 ms
2020-10-09 20:34:19,000 INFO org.springframework.scheduling.concurrent.ExecutorConfigurationSupport[main]Initializing ExecutorService 'applicationTaskExecutor'
2020-10-09 20:34:19,149 INFO org.springframework.scheduling.concurrent.ExecutorConfigurationSupport[main]Initializing ExecutorService 'taskScheduler'
2020-10-09 20:34:19,160 INFO org.apache.juli.logging.DirectJDKLog[main]Starting ProtocolHandler ["http-nio-8080"]
2020-10-09 20:34:19,176 INFO org.springframework.boot.web.embedded.tomcat.TomcatWebServer[main]Tomcat started on port(s): 8080 (http) with context path ''
2020-10-09 20:34:19,186 INFO org.springframework.boot.StartupInfoLogger[main]Started ObjDetectorApplication in 1.838 seconds (JVM running for 2.151)
2020-10-09 20:34:19,186 INFO com.matis.objdetector.Model.VideoChannel.ChannelsContainer[main]Deserialization process has started
2020-10-09 20:34:19,207 INFO com.matis.objdetector.Model.VideoChannel.ChannelsContainer[main]Channel:[Nr:1,ID:XW5obTT9,Name:Channel_1] has been deserialized
2020-10-09 20:34:19,209 INFO com.matis.objdetector.Model.VideoChannel.ChannelsContainer[main]Channel:[Nr:7,ID:vbjF3duM,Name:Channel_7] has been deserialized
2020-10-09 20:34:19,211 INFO com.matis.objdetector.Model.VideoChannel.ChannelsContainer[main]Channel:[Nr:3,ID:hhwVM5Xg,Name:Channel_3] has been deserialized
2020-10-09 20:34:19,212 INFO com.matis.objdetector.Model.VideoChannel.ChannelsContainer[main]Channel:[Nr:6,ID:JP5hASPL,Name:Channel_6] has been deserialized
2020-10-09 20:34:19,213 INFO com.matis.objdetector.Model.VideoChannel.ChannelsContainer[main]Channel:[Nr:5,ID:z4W1Mi5M,Name:Channel_5] has been deserialized
2020-10-09 20:34:19,214 INFO com.matis.objdetector.Model.VideoChannel.ChannelsContainer[main]Channel:[Nr:4,ID:BbsfOoby,Name:Channel_4] has been deserialized
2020-10-09 20:34:19,216 INFO com.matis.objdetector.Model.VideoChannel.ChannelsContainer[main]Channel:[Nr:2,ID:cDi14sU5,Name:Channel_2] has been deserialized
2020-10-09 20:34:19,217 INFO com.matis.objdetector.Model.VideoChannel.ChannelsContainer[main]Channel:[Nr:8,ID:dyNnFH3h,Name:Channel_8] has been deserialized
2020-10-09 20:34:19,217 INFO com.matis.objdetector.Model.VideoChannel.ChannelsContainer[main]Deserialization process has ended
2020-10-09 20:34:19,219 INFO com.matis.objdetector.Model.VideoChannel.ChannelsContainer[main]Serialization process has started
2020-10-09 20:34:19,221 INFO com.matis.objdetector.Model.VideoChannel.ChannelsContainer[main]Channel:[Nr:1,ID:XW5obTT9,Name:Channel_1] has been serialized
2020-10-09 20:34:19,221 INFO com.matis.objdetector.Model.VideoChannel.ChannelsContainer[main]Channel:[Nr:7,ID:vbjF3duM,Name:Channel_7] has been serialized
2020-10-09 20:34:19,222 INFO com.matis.objdetector.Model.VideoChannel.ChannelsContainer[main]Channel:[Nr:3,ID:hhwVM5Xg,Name:Channel_3] has been serialized
2020-10-09 20:34:19,222 INFO com.matis.objdetector.Model.VideoChannel.ChannelsContainer[main]Channel:[Nr:6,ID:JP5hASPL,Name:Channel_6] has been serialized
2020-10-09 20:34:19,223 INFO com.matis.objdetector.Model.VideoChannel.ChannelsContainer[main]Channel:[Nr:5,ID:z4W1Mi5M,Name:Channel_5] has been serialized
2020-10-09 20:34:19,223 INFO com.matis.objdetector.Model.VideoChannel.ChannelsContainer[main]Channel:[Nr:4,ID:BbsfOoby,Name:Channel_4] has been serialized
2020-10-09 20:34:19,224 INFO com.matis.objdetector.Model.VideoChannel.ChannelsContainer[main]Channel:[Nr:2,ID:cDi14sU5,Name:Channel_2] has been serialized
2020-10-09 20:34:19,224 INFO com.matis.objdetector.Model.VideoChannel.ChannelsContainer[main]Channel:[Nr:8,ID:dyNnFH3h,Name:Channel_8] has been serialized
2020-10-09 20:34:19,225 INFO com.matis.objdetector.Model.VideoChannel.ChannelsContainer[main]Serialization process has ended
2020-10-09 20:34:20,222 INFO com.matis.objdetector.Model.VideoChannel.Channel[XW5obTT9]Channel XW5obTT9-->released in new thread
2020-10-09 20:34:20,222 INFO com.matis.objdetector.Model.VideoChannel.Channel[cDi14sU5]Channel cDi14sU5-->released in new thread
2020-10-09 20:34:20,223 INFO com.matis.objdetector.Model.VideoChannel.Channel[dyNnFH3h]Channel dyNnFH3h-->released in new thread
2020-10-09 20:34:20,222 INFO com.matis.objdetector.Model.VideoChannel.Channel[z4W1Mi5M]Channel z4W1Mi5M-->released in new thread
2020-10-09 20:34:20,222 INFO com.matis.objdetector.Model.VideoChannel.Channel[vbjF3duM]Channel vbjF3duM-->released in new thread
2020-10-09 20:34:20,222 INFO com.matis.objdetector.Model.VideoChannel.Channel[BbsfOoby]Channel BbsfOoby-->released in new thread
2020-10-09 20:34:20,223 INFO com.matis.objdetector.Model.VideoChannel.Channel[XW5obTT9]Channel XW5obTT9-->channel has been enabled
2020-10-09 20:34:20,222 INFO com.matis.objdetector.Model.VideoChannel.Channel[JP5hASPL]Channel JP5hASPL-->released in new thread
2020-10-09 20:34:20,222 INFO com.matis.objdetector.Model.VideoChannel.Channel[hhwVM5Xg]Channel hhwVM5Xg-->released in new thread
2020-10-09 20:34:20,224 INFO com.matis.objdetector.Model.VideoChannel.Channel[cDi14sU5]Channel cDi14sU5-->channel has been enabled
2020-10-09 20:34:20,224 INFO com.matis.objdetector.Model.VideoChannel.Channel[vbjF3duM]Channel vbjF3duM-->channel has been enabled
2020-10-09 20:34:20,224 INFO com.matis.objdetector.Model.VideoChannel.Channel[dyNnFH3h]Channel dyNnFH3h-->channel has been enabled
2020-10-09 20:34:20,224 INFO com.matis.objdetector.Model.VideoChannel.Channel[z4W1Mi5M]Channel z4W1Mi5M-->channel has been enabled
2020-10-09 20:34:20,224 INFO com.matis.objdetector.Model.VideoChannel.Channel[BbsfOoby]Channel BbsfOoby-->channel has been enabled
2020-10-09 20:34:20,224 INFO com.matis.objdetector.Model.VideoChannel.Channel[XW5obTT9]Channel_XW5obTT9_launch componnents
2020-10-09 20:34:20,224 INFO com.matis.objdetector.Model.VideoChannel.Channel[cDi14sU5]Channel_cDi14sU5_launch componnents
2020-10-09 20:34:20,224 INFO com.matis.objdetector.Model.VideoChannel.Channel[vbjF3duM]Channel_vbjF3duM_launch componnents
2020-10-09 20:34:20,224 INFO com.matis.objdetector.Model.VideoChannel.Channel[JP5hASPL]Channel JP5hASPL-->channel has been enabled
2020-10-09 20:34:20,225 INFO com.matis.objdetector.Model.VideoChannel.Channel[BbsfOoby]Channel_BbsfOoby_launch componnents
2020-10-09 20:34:20,224 INFO com.matis.objdetector.Model.VideoChannel.Channel[hhwVM5Xg]Channel hhwVM5Xg-->channel has been enabled
2020-10-09 20:34:20,224 INFO com.matis.objdetector.Model.VideoChannel.Channel[dyNnFH3h]Channel_dyNnFH3h_launch componnents
2020-10-09 20:34:20,225 INFO com.matis.objdetector.Model.VideoChannel.Channel[z4W1Mi5M]Channel_z4W1Mi5M_launch componnents
2020-10-09 20:34:20,225 INFO com.matis.objdetector.Model.VideoChannel.Channel[JP5hASPL]Channel_JP5hASPL_launch componnents
2020-10-09 20:34:20,225 INFO com.matis.objdetector.Model.VideoChannel.Channel[XW5obTT9]Channel_XW5obTT9_stream_101_launched
2020-10-09 20:34:20,225 INFO com.matis.objdetector.Model.VideoChannel.Channel[cDi14sU5]Channel_cDi14sU5_stream_201_launched
2020-10-09 20:34:20,225 INFO com.matis.objdetector.Model.VideoChannel.Channel[hhwVM5Xg]Channel_hhwVM5Xg_launch componnents
2020-10-09 20:34:20,225 INFO com.matis.objdetector.Model.VideoChannel.Channel[vbjF3duM]Channel_vbjF3duM_stream_701_launched
2020-10-09 20:34:20,225 INFO com.matis.objdetector.Model.VideoChannel.Channel[BbsfOoby]Channel_BbsfOoby_stream_401_launched
2020-10-09 20:34:20,226 INFO com.matis.objdetector.Model.VideoChannel.Channel[z4W1Mi5M]Channel_z4W1Mi5M_stream_501_launched
2020-10-09 20:34:20,226 INFO com.matis.objdetector.Model.VideoChannel.Channel[vbjF3duM]Channel_vbjF3duM_stream_702_launched
2020-10-09 20:34:20,226 INFO com.matis.objdetector.Model.VideoChannel.Channel[dyNnFH3h]Channel_dyNnFH3h_stream_801_launched
2020-10-09 20:34:20,226 INFO com.matis.objdetector.Model.VideoChannel.Channel[hhwVM5Xg]Channel_hhwVM5Xg_stream_301_launched
2020-10-09 20:34:20,226 INFO com.matis.objdetector.Model.VideoChannel.Channel[cDi14sU5]Channel_cDi14sU5_stream_202_launched
2020-10-09 20:34:20,226 INFO com.matis.objdetector.Model.VideoChannel.Channel[XW5obTT9]Channel_XW5obTT9_stream_102_launched
2020-10-09 20:34:20,226 INFO com.matis.objdetector.Model.VideoChannel.Channel[BbsfOoby]Channel_BbsfOoby_stream_402_launched
2020-10-09 20:34:20,226 INFO com.matis.objdetector.Model.VideoChannel.Channel[JP5hASPL]Channel_JP5hASPL_stream_601_launched
2020-10-09 20:34:20,226 INFO com.matis.objdetector.Model.VideoChannel.Channel[cDi14sU5]Channel_cDi14sU5_mdetector_launched
2020-10-09 20:34:20,226 INFO com.matis.objdetector.Model.VideoChannel.Channel[vbjF3duM]Channel_vbjF3duM_mdetector_launched
2020-10-09 20:34:20,226 INFO com.matis.objdetector.Model.VideoChannel.Channel[JP5hASPL]Channel_JP5hASPL_stream_602_launched
2020-10-09 20:34:20,226 INFO com.matis.objdetector.Model.VideoChannel.Channel[cDi14sU5]Componnents launched
2020-10-09 20:34:20,226 INFO com.matis.objdetector.Model.VideoChannel.Channel[vbjF3duM]Componnents launched
2020-10-09 20:34:20,226 INFO com.matis.objdetector.Model.VideoChannel.Channel[z4W1Mi5M]Channel_z4W1Mi5M_stream_502_launched
2020-10-09 20:34:20,226 INFO com.matis.objdetector.Model.VideoChannel.Channel[dyNnFH3h]Channel_dyNnFH3h_stream_802_launched
2020-10-09 20:34:20,226 INFO com.matis.objdetector.Model.VideoChannel.Channel[JP5hASPL]Channel_JP5hASPL_mdetector_launched
2020-10-09 20:34:20,227 INFO com.matis.objdetector.Model.VideoChannel.Channel[JP5hASPL]Componnents launched
2020-10-09 20:34:20,227 INFO com.matis.objdetector.Model.VideoChannel.Channel[hhwVM5Xg]Channel_hhwVM5Xg_stream_302_launched
2020-10-09 20:34:20,227 INFO com.matis.objdetector.Model.VideoChannel.Channel[XW5obTT9]Channel_XW5obTT9_mdetector_launched
2020-10-09 20:34:20,227 INFO com.matis.objdetector.Model.VideoChannel.Channel[BbsfOoby]Channel_BbsfOoby_mdetector_launched
2020-10-09 20:34:20,227 INFO com.matis.objdetector.Model.VideoChannel.Channel[XW5obTT9]Componnents launched
2020-10-09 20:34:20,227 INFO com.matis.objdetector.Model.VideoChannel.Channel[z4W1Mi5M]Channel_z4W1Mi5M_mdetector_launched
2020-10-09 20:34:20,227 INFO com.matis.objdetector.Model.VideoChannel.Channel[BbsfOoby]Componnents launched
2020-10-09 20:34:20,227 INFO com.matis.objdetector.Model.VideoChannel.Channel[dyNnFH3h]Channel_dyNnFH3h_mdetector_launched
2020-10-09 20:34:20,227 INFO com.matis.objdetector.Model.VideoChannel.Channel[z4W1Mi5M]Componnents launched
2020-10-09 20:34:20,227 INFO com.matis.objdetector.Model.VideoChannel.Channel[hhwVM5Xg]Channel_hhwVM5Xg_mdetector_launched
2020-10-09 20:34:20,227 INFO com.matis.objdetector.Model.VideoChannel.Channel[dyNnFH3h]Componnents launched
2020-10-09 20:34:20,227 INFO com.matis.objdetector.Model.VideoChannel.Channel[hhwVM5Xg]Componnents launched
2020-10-09 20:34:21,238 INFO com.matis.objdetector.Model.VideoChannel.MotionDetector[pool-49-thread-3MD]MD started
2020-10-09 20:34:21,238 INFO com.matis.objdetector.Model.VideoChannel.VideoStream[hhwVM5Xg-302]stream released in new thread
2020-10-09 20:34:21,238 INFO com.matis.objdetector.Model.VideoChannel.VideoStream[hhwVM5Xg-301]stream released in new thread
2020-10-09 20:34:21,238 INFO com.matis.objdetector.Model.VideoChannel.MotionDetector[pool-48-thread-3MD]MD started
2020-10-09 20:34:21,238 INFO com.matis.objdetector.Model.VideoChannel.VideoStream[BbsfOoby-401]stream released in new thread
2020-10-09 20:34:21,238 INFO com.matis.objdetector.Model.VideoChannel.VideoStream[JP5hASPL-602]stream released in new thread
2020-10-09 20:34:21,238 INFO com.matis.objdetector.Model.VideoChannel.VideoStream[vbjF3duM-701]stream released in new thread
2020-10-09 20:34:21,238 INFO com.matis.objdetector.Model.VideoChannel.VideoStream[cDi14sU5-202]stream released in new thread
2020-10-09 20:34:21,238 INFO com.matis.objdetector.Model.VideoChannel.VideoStream[vbjF3duM-702]stream released in new thread
2020-10-09 20:34:21,238 INFO com.matis.objdetector.Model.VideoChannel.VideoStream[BbsfOoby-401]Stream is waiting to be enabled
2020-10-09 20:34:21,238 INFO com.matis.objdetector.Model.VideoChannel.VideoStream[JP5hASPL-602]Stream is waiting to be enabled
2020-10-09 20:34:21,238 INFO com.matis.objdetector.Model.VideoChannel.VideoStream[dyNnFH3h-801]stream released in new thread
2020-10-09 20:34:21,238 INFO com.matis.objdetector.Model.VideoChannel.MotionDetector[pool-42-thread-3MD]MD started
2020-10-09 20:34:21,238 INFO com.matis.objdetector.Model.VideoChannel.VideoStream[vbjF3duM-702]Stream is waiting to be enabled
2020-10-09 20:34:21,238 INFO com.matis.objdetector.Model.VideoChannel.VideoStream[cDi14sU5-201]stream released in new thread
2020-10-09 20:34:21,238 INFO com.matis.objdetector.Model.VideoChannel.VideoStream[XW5obTT9-101]stream released in new thread
2020-10-09 20:34:21,238 INFO com.matis.objdetector.Model.VideoChannel.VideoStream[XW5obTT9-102]stream released in new thread
2020-10-09 20:34:21,238 INFO com.matis.objdetector.Model.VideoChannel.VideoStream[dyNnFH3h-801]Stream is waiting to be enabled
2020-10-09 20:34:21,238 INFO com.matis.objdetector.Model.VideoChannel.VideoStream[JP5hASPL-601]stream released in new thread
2020-10-09 20:34:21,238 INFO com.matis.objdetector.Model.VideoChannel.MotionDetector[pool-47-thread-3MD]MD started
2020-10-09 20:34:21,238 INFO com.matis.objdetector.Model.VideoChannel.MotionDetector[pool-44-thread-3MD]MD started
2020-10-09 20:34:21,238 INFO com.matis.objdetector.Model.VideoChannel.VideoStream[cDi14sU5-201]Stream is waiting to be enabled
2020-10-09 20:34:21,238 INFO com.matis.objdetector.Model.VideoChannel.VideoStream[XW5obTT9-101]the stream has been enabled
2020-10-09 20:34:21,238 INFO com.matis.objdetector.Model.VideoChannel.VideoStream[XW5obTT9-102]the stream has been enabled
2020-10-09 20:34:21,238 INFO com.matis.objdetector.Model.VideoChannel.VideoStream[BbsfOoby-402]stream released in new thread
2020-10-09 20:34:21,238 INFO com.matis.objdetector.Model.VideoChannel.VideoStream[JP5hASPL-601]Stream is waiting to be enabled
2020-10-09 20:34:21,238 INFO com.matis.objdetector.Model.VideoChannel.MotionDetector[pool-46-thread-3MD]MD started
2020-10-09 20:34:21,238 INFO com.matis.objdetector.Model.VideoChannel.VideoStream[z4W1Mi5M-502]stream released in new thread
2020-10-09 20:34:21,238 INFO com.matis.objdetector.Model.VideoChannel.VideoStream[z4W1Mi5M-501]stream released in new thread
2020-10-09 20:34:21,238 INFO com.matis.objdetector.Model.VideoChannel.VideoStream[dyNnFH3h-802]stream released in new thread
2020-10-09 20:34:21,238 INFO com.matis.objdetector.Model.VideoChannel.VideoStream[hhwVM5Xg-302]Stream is waiting to be enabled
2020-10-09 20:34:21,238 INFO com.matis.objdetector.Model.VideoChannel.VideoStream[vbjF3duM-701]Stream is waiting to be enabled
2020-10-09 20:34:21,238 INFO com.matis.objdetector.Model.VideoChannel.MotionDetector[pool-43-thread-3MD]MD started
2020-10-09 20:34:21,238 INFO com.matis.objdetector.Model.VideoChannel.VideoStream[cDi14sU5-202]Stream is waiting to be enabled
2020-10-09 20:34:21,238 INFO com.matis.objdetector.Model.VideoChannel.VideoStream[hhwVM5Xg-301]Stream is waiting to be enabled
2020-10-09 20:34:21,239 INFO com.matis.objdetector.Model.VideoChannel.VideoStream[dyNnFH3h-802]Stream is waiting to be enabled
2020-10-09 20:34:21,238 INFO com.matis.objdetector.Model.VideoChannel.MotionDetector[pool-45-thread-3MD]MD started
2020-10-09 20:34:21,239 INFO com.matis.objdetector.Model.VideoChannel.VideoStream[BbsfOoby-402]Stream is waiting to be enabled
2020-10-09 20:34:21,239 INFO com.matis.objdetector.Model.VideoChannel.VideoStream[z4W1Mi5M-502]Stream is waiting to be enabled
2020-10-09 20:34:21,239 INFO com.matis.objdetector.Model.VideoChannel.VideoStream[z4W1Mi5M-501]Stream is waiting to be enabled
2020-10-09 20:34:37,318 INFO org.apache.juli.logging.DirectJDKLog[http-nio-8080-exec-1]Initializing Spring DispatcherServlet 'dispatcherServlet'
2020-10-09 20:34:37,319 INFO org.springframework.web.servlet.FrameworkServlet[http-nio-8080-exec-1]Initializing Servlet 'dispatcherServlet'
2020-10-09 20:34:37,324 INFO org.springframework.web.servlet.FrameworkServlet[http-nio-8080-exec-1]Completed initialization in 4 ms
2020-10-09 20:38:52,516 INFO org.springframework.boot.StartupInfoLogger[main]Starting ObjDetectorApplication on DESKTOP-ASB17NR with PID 15456 (C:\Users\Constantin\IdeaProjects\VideoSurveillance\target\classes started by Constantin in C:\Users\Constantin\IdeaProjects\VideoSurveillance)
2020-10-09 20:38:52,519 INFO org.springframework.boot.SpringApplication[main]No active profile set, falling back to default profiles: default
2020-10-09 20:38:53,321 INFO org.springframework.boot.web.embedded.tomcat.TomcatWebServer[main]Tomcat initialized with port(s): 8080 (http)
2020-10-09 20:38:53,329 INFO org.apache.juli.logging.DirectJDKLog[main]Initializing ProtocolHandler ["http-nio-8080"]
2020-10-09 20:38:53,330 INFO org.apache.juli.logging.DirectJDKLog[main]Starting service [Tomcat]
2020-10-09 20:38:53,330 INFO org.apache.juli.logging.DirectJDKLog[main]Starting Servlet engine: [Apache Tomcat/9.0.37]
2020-10-09 20:38:53,407 INFO org.apache.juli.logging.DirectJDKLog[main]Initializing Spring embedded WebApplicationContext
2020-10-09 20:38:53,407 INFO org.springframework.boot.web.servlet.context.ServletWebServerApplicationContext[main]Root WebApplicationContext: initialization completed in 849 ms
2020-10-09 20:38:53,859 INFO org.springframework.scheduling.concurrent.ExecutorConfigurationSupport[main]Initializing ExecutorService 'applicationTaskExecutor'
2020-10-09 20:38:54,017 INFO org.springframework.scheduling.concurrent.ExecutorConfigurationSupport[main]Initializing ExecutorService 'taskScheduler'
2020-10-09 20:38:54,031 INFO org.apache.juli.logging.DirectJDKLog[main]Starting ProtocolHandler ["http-nio-8080"]
2020-10-09 20:38:54,047 INFO org.springframework.boot.web.embedded.tomcat.TomcatWebServer[main]Tomcat started on port(s): 8080 (http) with context path ''
2020-10-09 20:38:54,059 INFO org.springframework.boot.StartupInfoLogger[main]Started ObjDetectorApplication in 1.863 seconds (JVM running for 2.165)
2020-10-09 20:38:54,060 INFO com.matis.objdetector.Model.VideoChannel.ChannelsContainer[main]Deserialization process has started
2020-10-09 20:38:54,084 INFO com.matis.objdetector.Model.VideoChannel.ChannelsContainer[main]Channel:[Nr:1,ID:XW5obTT9,Name:Channel_1] has been deserialized
2020-10-09 20:38:54,085 INFO com.matis.objdetector.Model.VideoChannel.ChannelsContainer[main]Channel:[Nr:7,ID:vbjF3duM,Name:Channel_7] has been deserialized
2020-10-09 20:38:54,087 INFO com.matis.objdetector.Model.VideoChannel.ChannelsContainer[main]Channel:[Nr:3,ID:hhwVM5Xg,Name:Channel_3] has been deserialized
2020-10-09 20:38:54,088 INFO com.matis.objdetector.Model.VideoChannel.ChannelsContainer[main]Channel:[Nr:6,ID:JP5hASPL,Name:Channel_6] has been deserialized
2020-10-09 20:38:54,089 INFO com.matis.objdetector.Model.VideoChannel.ChannelsContainer[main]Channel:[Nr:5,ID:z4W1Mi5M,Name:Channel_5] has been deserialized
2020-10-09 20:38:54,090 INFO com.matis.objdetector.Model.VideoChannel.ChannelsContainer[main]Channel:[Nr:4,ID:BbsfOoby,Name:Channel_4] has been deserialized
2020-10-09 20:38:54,090 INFO com.matis.objdetector.Model.VideoChannel.ChannelsContainer[main]Channel:[Nr:2,ID:cDi14sU5,Name:Channel_2] has been deserialized
2020-10-09 20:38:54,091 INFO com.matis.objdetector.Model.VideoChannel.ChannelsContainer[main]Channel:[Nr:8,ID:dyNnFH3h,Name:Channel_8] has been deserialized
2020-10-09 20:38:54,092 INFO com.matis.objdetector.Model.VideoChannel.ChannelsContainer[main]Deserialization process has ended
2020-10-09 20:38:54,092 INFO com.matis.objdetector.Model.VideoChannel.ChannelsContainer[main]Serialization process has started
2020-10-09 20:38:54,095 INFO com.matis.objdetector.Model.VideoChannel.ChannelsContainer[main]Channel:[Nr:1,ID:XW5obTT9,Name:Channel_1] has been serialized
2020-10-09 20:38:54,096 INFO com.matis.objdetector.Model.VideoChannel.ChannelsContainer[main]Channel:[Nr:7,ID:vbjF3duM,Name:Channel_7] has been serialized
2020-10-09 20:38:54,096 INFO com.matis.objdetector.Model.VideoChannel.ChannelsContainer[main]Channel:[Nr:3,ID:hhwVM5Xg,Name:Channel_3] has been serialized
2020-10-09 20:38:54,097 INFO com.matis.objdetector.Model.VideoChannel.ChannelsContainer[main]Channel:[Nr:6,ID:JP5hASPL,Name:Channel_6] has been serialized
2020-10-09 20:38:54,097 INFO com.matis.objdetector.Model.VideoChannel.ChannelsContainer[main]Channel:[Nr:5,ID:z4W1Mi5M,Name:Channel_5] has been serialized
2020-10-09 20:38:54,098 INFO com.matis.objdetector.Model.VideoChannel.ChannelsContainer[main]Channel:[Nr:4,ID:BbsfOoby,Name:Channel_4] has been serialized
2020-10-09 20:38:54,098 INFO com.matis.objdetector.Model.VideoChannel.ChannelsContainer[main]Channel:[Nr:2,ID:cDi14sU5,Name:Channel_2] has been serialized
2020-10-09 20:38:54,098 INFO com.matis.objdetector.Model.VideoChannel.ChannelsContainer[main]Channel:[Nr:8,ID:dyNnFH3h,Name:Channel_8] has been serialized
2020-10-09 20:38:54,099 INFO com.matis.objdetector.Model.VideoChannel.ChannelsContainer[main]Serialization process has ended
2020-10-09 20:38:55,098 INFO com.matis.objdetector.Model.VideoChannel.Channel[dyNnFH3h]Channel dyNnFH3h-->released in new thread
2020-10-09 20:38:55,098 INFO com.matis.objdetector.Model.VideoChannel.Channel[vbjF3duM]Channel vbjF3duM-->released in new thread
2020-10-09 20:38:55,098 INFO com.matis.objdetector.Model.VideoChannel.Channel[JP5hASPL]Channel JP5hASPL-->released in new thread
2020-10-09 20:38:55,098 INFO com.matis.objdetector.Model.VideoChannel.Channel[z4W1Mi5M]Channel z4W1Mi5M-->released in new thread
2020-10-09 20:38:55,098 INFO com.matis.objdetector.Model.VideoChannel.Channel[cDi14sU5]Channel cDi14sU5-->released in new thread
2020-10-09 20:38:55,098 INFO com.matis.objdetector.Model.VideoChannel.Channel[hhwVM5Xg]Channel hhwVM5Xg-->released in new thread
2020-10-09 20:38:55,098 INFO com.matis.objdetector.Model.VideoChannel.Channel[BbsfOoby]Channel BbsfOoby-->released in new thread
2020-10-09 20:38:55,098 INFO com.matis.objdetector.Model.VideoChannel.Channel[XW5obTT9]Channel XW5obTT9-->released in new thread
2020-10-09 20:38:55,099 INFO com.matis.objdetector.Model.VideoChannel.Channel[vbjF3duM]Channel vbjF3duM-->channel has been enabled
2020-10-09 20:38:55,099 INFO com.matis.objdetector.Model.VideoChannel.Channel[cDi14sU5]Channel cDi14sU5-->channel has been enabled
2020-10-09 20:38:55,099 INFO com.matis.objdetector.Model.VideoChannel.Channel[hhwVM5Xg]Channel hhwVM5Xg-->channel has been enabled
2020-10-09 20:38:55,099 INFO com.matis.objdetector.Model.VideoChannel.Channel[JP5hASPL]Channel JP5hASPL-->channel has been enabled
2020-10-09 20:38:55,099 INFO com.matis.objdetector.Model.VideoChannel.Channel[dyNnFH3h]Channel dyNnFH3h-->channel has been enabled
2020-10-09 20:38:55,099 INFO com.matis.objdetector.Model.VideoChannel.Channel[z4W1Mi5M]Channel z4W1Mi5M-->channel has been enabled
2020-10-09 20:38:55,099 INFO com.matis.objdetector.Model.VideoChannel.Channel[BbsfOoby]Channel BbsfOoby-->channel has been enabled
2020-10-09 20:38:55,100 INFO com.matis.objdetector.Model.VideoChannel.Channel[z4W1Mi5M]Channel_z4W1Mi5M_launch componnents
2020-10-09 20:38:55,100 INFO com.matis.objdetector.Model.VideoChannel.Channel[vbjF3duM]Channel_vbjF3duM_launch componnents
2020-10-09 20:38:55,099 INFO com.matis.objdetector.Model.VideoChannel.Channel[XW5obTT9]Channel XW5obTT9-->channel has been enabled
2020-10-09 20:38:55,100 INFO com.matis.objdetector.Model.VideoChannel.Channel[BbsfOoby]Channel_BbsfOoby_launch componnents
2020-10-09 20:38:55,100 INFO com.matis.objdetector.Model.VideoChannel.Channel[JP5hASPL]Channel_JP5hASPL_launch componnents
2020-10-09 20:38:55,100 INFO com.matis.objdetector.Model.VideoChannel.Channel[cDi14sU5]Channel_cDi14sU5_launch componnents
2020-10-09 20:38:55,100 INFO com.matis.objdetector.Model.VideoChannel.Channel[hhwVM5Xg]Channel_hhwVM5Xg_launch componnents
2020-10-09 20:38:55,100 INFO com.matis.objdetector.Model.VideoChannel.Channel[dyNnFH3h]Channel_dyNnFH3h_launch componnents
2020-10-09 20:38:55,101 INFO com.matis.objdetector.Model.VideoChannel.Channel[XW5obTT9]Channel_XW5obTT9_launch componnents
2020-10-09 20:38:55,101 INFO com.matis.objdetector.Model.VideoChannel.Channel[vbjF3duM]Channel_vbjF3duM_stream_701_launched
2020-10-09 20:38:55,101 INFO com.matis.objdetector.Model.VideoChannel.Channel[hhwVM5Xg]Channel_hhwVM5Xg_stream_301_launched
2020-10-09 20:38:55,101 INFO com.matis.objdetector.Model.VideoChannel.Channel[z4W1Mi5M]Channel_z4W1Mi5M_stream_501_launched
2020-10-09 20:38:55,102 INFO com.matis.objdetector.Model.VideoChannel.Channel[cDi14sU5]Channel_cDi14sU5_stream_201_launched
2020-10-09 20:38:55,102 INFO com.matis.objdetector.Model.VideoChannel.Channel[JP5hASPL]Channel_JP5hASPL_stream_601_launched
2020-10-09 20:38:55,102 INFO com.matis.objdetector.Model.VideoChannel.Channel[BbsfOoby]Channel_BbsfOoby_stream_401_launched
2020-10-09 20:38:55,102 INFO com.matis.objdetector.Model.VideoChannel.Channel[z4W1Mi5M]Channel_z4W1Mi5M_stream_502_launched
2020-10-09 20:38:55,102 INFO com.matis.objdetector.Model.VideoChannel.Channel[dyNnFH3h]Channel_dyNnFH3h_stream_801_launched
2020-10-09 20:38:55,102 INFO com.matis.objdetector.Model.VideoChannel.Channel[XW5obTT9]Channel_XW5obTT9_stream_101_launched
2020-10-09 20:38:55,102 INFO com.matis.objdetector.Model.VideoChannel.Channel[hhwVM5Xg]Channel_hhwVM5Xg_stream_302_launched
2020-10-09 20:38:55,102 INFO com.matis.objdetector.Model.VideoChannel.Channel[cDi14sU5]Channel_cDi14sU5_stream_202_launched
2020-10-09 20:38:55,102 INFO com.matis.objdetector.Model.VideoChannel.Channel[JP5hASPL]Channel_JP5hASPL_stream_602_launched
2020-10-09 20:38:55,102 INFO com.matis.objdetector.Model.VideoChannel.Channel[vbjF3duM]Channel_vbjF3duM_stream_702_launched
2020-10-09 20:38:55,102 INFO com.matis.objdetector.Model.VideoChannel.Channel[BbsfOoby]Channel_BbsfOoby_stream_402_launched
2020-10-09 20:38:55,102 INFO com.matis.objdetector.Model.VideoChannel.Channel[JP5hASPL]Channel_JP5hASPL_mdetector_launched
2020-10-09 20:38:55,102 INFO com.matis.objdetector.Model.VideoChannel.Channel[hhwVM5Xg]Channel_hhwVM5Xg_mdetector_launched
2020-10-09 20:38:55,102 INFO com.matis.objdetector.Model.VideoChannel.Channel[JP5hASPL]Componnents launched
2020-10-09 20:38:55,102 INFO com.matis.objdetector.Model.VideoChannel.Channel[BbsfOoby]Channel_BbsfOoby_mdetector_launched
2020-10-09 20:38:55,102 INFO com.matis.objdetector.Model.VideoChannel.Channel[dyNnFH3h]Channel_dyNnFH3h_stream_802_launched
2020-10-09 20:38:55,103 INFO com.matis.objdetector.Model.VideoChannel.Channel[hhwVM5Xg]Componnents launched
2020-10-09 20:38:55,103 INFO com.matis.objdetector.Model.VideoChannel.Channel[BbsfOoby]Componnents launched
2020-10-09 20:38:55,103 INFO com.matis.objdetector.Model.VideoChannel.Channel[XW5obTT9]Channel_XW5obTT9_stream_102_launched
2020-10-09 20:38:55,103 INFO com.matis.objdetector.Model.VideoChannel.Channel[cDi14sU5]Channel_cDi14sU5_mdetector_launched
2020-10-09 20:38:55,103 INFO com.matis.objdetector.Model.VideoChannel.Channel[vbjF3duM]Channel_vbjF3duM_mdetector_launched
2020-10-09 20:38:55,103 INFO com.matis.objdetector.Model.VideoChannel.Channel[z4W1Mi5M]Channel_z4W1Mi5M_mdetector_launched
2020-10-09 20:38:55,103 INFO com.matis.objdetector.Model.VideoChannel.Channel[cDi14sU5]Componnents launched
2020-10-09 20:38:55,103 INFO com.matis.objdetector.Model.VideoChannel.Channel[vbjF3duM]Componnents launched
2020-10-09 20:38:55,103 INFO com.matis.objdetector.Model.VideoChannel.Channel[dyNnFH3h]Channel_dyNnFH3h_mdetector_launched
2020-10-09 20:38:55,103 INFO com.matis.objdetector.Model.VideoChannel.Channel[z4W1Mi5M]Componnents launched
2020-10-09 20:38:55,103 INFO com.matis.objdetector.Model.VideoChannel.Channel[XW5obTT9]Channel_XW5obTT9_mdetector_launched
2020-10-09 20:38:55,103 INFO com.matis.objdetector.Model.VideoChannel.Channel[dyNnFH3h]Componnents launched
2020-10-09 20:38:55,103 INFO com.matis.objdetector.Model.VideoChannel.Channel[XW5obTT9]Componnents launched
2020-10-09 20:38:56,108 INFO com.matis.objdetector.Model.VideoChannel.VideoStream[dyNnFH3h-802]stream released in new thread
2020-10-09 20:38:56,108 INFO com.matis.objdetector.Model.VideoChannel.VideoStream[z4W1Mi5M-501]stream released in new thread
2020-10-09 20:38:56,108 INFO com.matis.objdetector.Model.VideoChannel.VideoStream[JP5hASPL-602]stream released in new thread
2020-10-09 20:38:56,108 INFO com.matis.objdetector.Model.VideoChannel.MotionDetector[pool-48-thread-3MD]MD started
2020-10-09 20:38:56,108 INFO com.matis.objdetector.Model.VideoChannel.VideoStream[vbjF3duM-702]stream released in new thread
2020-10-09 20:38:56,108 INFO com.matis.objdetector.Model.VideoChannel.VideoStream[hhwVM5Xg-301]stream released in new thread
2020-10-09 20:38:56,108 INFO com.matis.objdetector.Model.VideoChannel.VideoStream[dyNnFH3h-801]stream released in new thread
2020-10-09 20:38:56,108 INFO com.matis.objdetector.Model.VideoChannel.VideoStream[cDi14sU5-202]stream released in new thread
2020-10-09 20:38:56,108 INFO com.matis.objdetector.Model.VideoChannel.VideoStream[hhwVM5Xg-302]stream released in new thread
2020-10-09 20:38:56,109 INFO com.matis.objdetector.Model.VideoChannel.VideoStream[hhwVM5Xg-301]Stream is waiting to be enabled
2020-10-09 20:38:56,109 INFO com.matis.objdetector.Model.VideoChannel.VideoStream[z4W1Mi5M-501]Stream is waiting to be enabled
2020-10-09 20:38:56,109 INFO com.matis.objdetector.Model.VideoChannel.VideoStream[hhwVM5Xg-302]Stream is waiting to be enabled
2020-10-09 20:38:56,108 INFO com.matis.objdetector.Model.VideoChannel.MotionDetector[pool-44-thread-3MD]MD started
2020-10-09 20:38:56,108 INFO com.matis.objdetector.Model.VideoChannel.MotionDetector[pool-45-thread-3MD]MD started
2020-10-09 20:38:56,108 INFO com.matis.objdetector.Model.VideoChannel.VideoStream[cDi14sU5-201]stream released in new thread
2020-10-09 20:38:56,108 INFO com.matis.objdetector.Model.VideoChannel.VideoStream[XW5obTT9-101]stream released in new thread
2020-10-09 20:38:56,108 INFO com.matis.objdetector.Model.VideoChannel.MotionDetector[pool-42-thread-3MD]MD started
2020-10-09 20:38:56,108 INFO com.matis.objdetector.Model.VideoChannel.VideoStream[BbsfOoby-401]stream released in new thread
2020-10-09 20:38:56,109 INFO com.matis.objdetector.Model.VideoChannel.VideoStream[cDi14sU5-201]Stream is waiting to be enabled
2020-10-09 20:38:56,108 INFO com.matis.objdetector.Model.VideoChannel.VideoStream[vbjF3duM-701]stream released in new thread
2020-10-09 20:38:56,108 INFO com.matis.objdetector.Model.VideoChannel.VideoStream[XW5obTT9-102]stream released in new thread
2020-10-09 20:38:56,108 INFO com.matis.objdetector.Model.VideoChannel.VideoStream[z4W1Mi5M-502]stream released in new thread
2020-10-09 20:38:56,108 INFO com.matis.objdetector.Model.VideoChannel.VideoStream[JP5hASPL-601]stream released in new thread
2020-10-09 20:38:56,109 INFO com.matis.objdetector.Model.VideoChannel.VideoStream[JP5hASPL-602]Stream is waiting to be enabled
2020-10-09 20:38:56,109 INFO com.matis.objdetector.Model.VideoChannel.VideoStream[dyNnFH3h-802]Stream is waiting to be enabled
2020-10-09 20:38:56,109 INFO com.matis.objdetector.Model.VideoChannel.VideoStream[dyNnFH3h-801]Stream is waiting to be enabled
2020-10-09 20:38:56,109 INFO com.matis.objdetector.Model.VideoChannel.VideoStream[vbjF3duM-702]Stream is waiting to be enabled
2020-10-09 20:38:56,109 INFO com.matis.objdetector.Model.VideoChannel.VideoStream[XW5obTT9-102]the stream has been enabled
2020-10-09 20:38:56,109 INFO com.matis.objdetector.Model.VideoChannel.VideoStream[JP5hASPL-601]Stream is waiting to be enabled
2020-10-09 20:38:56,108 INFO com.matis.objdetector.Model.VideoChannel.VideoStream[BbsfOoby-402]stream released in new thread
2020-10-09 20:38:56,109 INFO com.matis.objdetector.Model.VideoChannel.VideoStream[cDi14sU5-202]Stream is waiting to be enabled
2020-10-09 20:38:56,109 INFO com.matis.objdetector.Model.VideoChannel.VideoStream[XW5obTT9-101]the stream has been enabled
2020-10-09 20:38:56,109 INFO com.matis.objdetector.Model.VideoChannel.VideoStream[BbsfOoby-401]Stream is waiting to be enabled
2020-10-09 20:38:56,109 INFO com.matis.objdetector.Model.VideoChannel.VideoStream[z4W1Mi5M-502]Stream is waiting to be enabled
2020-10-09 20:38:56,109 INFO com.matis.objdetector.Model.VideoChannel.VideoStream[vbjF3duM-701]Stream is waiting to be enabled
2020-10-09 20:38:56,109 INFO com.matis.objdetector.Model.VideoChannel.VideoStream[BbsfOoby-402]Stream is waiting to be enabled
2020-10-09 20:38:56,119 INFO com.matis.objdetector.Model.VideoChannel.MotionDetector[pool-43-thread-3MD]MD started
2020-10-09 20:38:56,119 INFO com.matis.objdetector.Model.VideoChannel.MotionDetector[pool-46-thread-3MD]MD started
2020-10-09 20:38:56,119 INFO com.matis.objdetector.Model.VideoChannel.MotionDetector[pool-47-thread-3MD]MD started
2020-10-09 20:38:56,119 INFO com.matis.objdetector.Model.VideoChannel.MotionDetector[pool-49-thread-3MD]MD started
2020-10-09 20:38:57,245 INFO org.apache.juli.logging.DirectJDKLog[http-nio-8080-exec-1]Initializing Spring DispatcherServlet 'dispatcherServlet'
2020-10-09 20:38:57,246 INFO org.springframework.web.servlet.FrameworkServlet[http-nio-8080-exec-1]Initializing Servlet 'dispatcherServlet'
2020-10-09 20:38:57,250 INFO org.springframework.web.servlet.FrameworkServlet[http-nio-8080-exec-1]Completed initialization in 4 ms
