2020-09-29 00:00:00,145 INFO org.springframework.scheduling.concurrent.ExecutorConfigurationSupport[main]Initializing ExecutorService 'applicationTaskExecutor'
2020-09-29 00:00:00,328 INFO org.springframework.scheduling.concurrent.ExecutorConfigurationSupport[main]Initializing ExecutorService 'taskScheduler'
2020-09-29 00:00:00,341 INFO org.apache.juli.logging.DirectJDKLog[main]Starting ProtocolHandler ["http-nio-8080"]
2020-09-29 00:00:00,361 INFO org.springframework.boot.web.embedded.tomcat.TomcatWebServer[main]Tomcat started on port(s): 8080 (http) with context path ''
2020-09-29 00:00:00,371 INFO org.springframework.boot.StartupInfoLogger[main]Started ObjDetectorApplication in 2.035 seconds (JVM running for 2.347)
2020-09-29 00:00:00,374 INFO com.matis.objdetector.Model.VideoChannel.ChannelsContainer[main]Deserialization process has started
2020-09-29 00:00:00,399 INFO com.matis.objdetector.Model.VideoChannel.ChannelsContainer[main]Channel:[Nr:7,ID:mfIF2G7H,Name:Channel_7] has been deserialized
2020-09-29 00:00:00,400 INFO com.matis.objdetector.Model.VideoChannel.ChannelsContainer[main]Channel:[Nr:2,ID:gqMAKvBL,Name:Channel_2] has been deserialized
2020-09-29 00:00:00,401 INFO com.matis.objdetector.Model.VideoChannel.ChannelsContainer[main]Channel:[Nr:3,ID:kvHBay5W,Name:Channel_3] has been deserialized
2020-09-29 00:00:00,402 INFO com.matis.objdetector.Model.VideoChannel.ChannelsContainer[main]Channel:[Nr:4,ID:BKtF1fEh,Name:Channel_4] has been deserialized
2020-09-29 00:00:00,403 INFO com.matis.objdetector.Model.VideoChannel.ChannelsContainer[main]Channel:[Nr:6,ID:ejNztoGc,Name:Channel_6] has been deserialized
2020-09-29 00:00:00,403 INFO com.matis.objdetector.Model.VideoChannel.ChannelsContainer[main]Channel:[Nr:5,ID:aQy5OEUb,Name:Channel_5] has been deserialized
2020-09-29 00:00:00,404 INFO com.matis.objdetector.Model.VideoChannel.ChannelsContainer[main]Channel:[Nr:1,ID:cBKYvCC4,Name:Channel_1] has been deserialized
2020-09-29 00:00:00,405 INFO com.matis.objdetector.Model.VideoChannel.ChannelsContainer[main]Channel:[Nr:8,ID:icqXexfc,Name:Channel_8] has been deserialized
2020-09-29 00:00:00,405 INFO com.matis.objdetector.Model.VideoChannel.ChannelsContainer[main]Deserialization process has ended
2020-09-29 00:00:00,406 INFO com.matis.objdetector.Model.VideoChannel.ChannelsContainer[main]Serialization process has started
2020-09-29 00:00:00,408 INFO com.matis.objdetector.Model.VideoChannel.ChannelsContainer[main]Channel:[Nr:7,ID:mfIF2G7H,Name:Channel_7] has been serialized
2020-09-29 00:00:00,408 INFO com.matis.objdetector.Model.VideoChannel.ChannelsContainer[main]Channel:[Nr:2,ID:gqMAKvBL,Name:Channel_2] has been serialized
2020-09-29 00:00:00,409 INFO com.matis.objdetector.Model.VideoChannel.ChannelsContainer[main]Channel:[Nr:3,ID:kvHBay5W,Name:Channel_3] has been serialized
2020-09-29 00:00:00,409 INFO com.matis.objdetector.Model.VideoChannel.ChannelsContainer[main]Channel:[Nr:4,ID:BKtF1fEh,Name:Channel_4] has been serialized
2020-09-29 00:00:00,409 INFO com.matis.objdetector.Model.VideoChannel.ChannelsContainer[main]Channel:[Nr:6,ID:ejNztoGc,Name:Channel_6] has been serialized
2020-09-29 00:00:00,409 INFO com.matis.objdetector.Model.VideoChannel.ChannelsContainer[main]Channel:[Nr:5,ID:aQy5OEUb,Name:Channel_5] has been serialized
2020-09-29 00:00:00,410 INFO com.matis.objdetector.Model.VideoChannel.ChannelsContainer[main]Channel:[Nr:1,ID:cBKYvCC4,Name:Channel_1] has been serialized
2020-09-29 00:00:00,410 INFO com.matis.objdetector.Model.VideoChannel.ChannelsContainer[main]Channel:[Nr:8,ID:icqXexfc,Name:Channel_8] has been serialized
2020-09-29 00:00:00,410 INFO com.matis.objdetector.Model.VideoChannel.ChannelsContainer[main]Serialization process has ended
2020-09-29 00:00:00,469 INFO org.apache.juli.logging.DirectJDKLog[http-nio-8080-exec-1]Initializing Spring DispatcherServlet 'dispatcherServlet'
2020-09-29 00:00:00,469 INFO org.springframework.web.servlet.FrameworkServlet[http-nio-8080-exec-1]Initializing Servlet 'dispatcherServlet'
2020-09-29 00:00:00,473 INFO org.springframework.web.servlet.FrameworkServlet[http-nio-8080-exec-1]Completed initialization in 4 ms
2020-09-29 00:00:01,415 INFO com.matis.objdetector.Model.VideoChannel.Channel[mfIF2G7H]Channel mfIF2G7H-->released in new thread
2020-09-29 00:00:01,415 INFO com.matis.objdetector.Model.VideoChannel.Channel[kvHBay5W]Channel kvHBay5W-->released in new thread
2020-09-29 00:00:01,415 INFO com.matis.objdetector.Model.VideoChannel.Channel[cBKYvCC4]Channel cBKYvCC4-->released in new thread
2020-09-29 00:00:01,415 INFO com.matis.objdetector.Model.VideoChannel.Channel[gqMAKvBL]Channel gqMAKvBL-->released in new thread
2020-09-29 00:00:01,415 INFO com.matis.objdetector.Model.VideoChannel.Channel[ejNztoGc]Channel ejNztoGc-->released in new thread
2020-09-29 00:00:01,415 INFO com.matis.objdetector.Model.VideoChannel.Channel[BKtF1fEh]Channel BKtF1fEh-->released in new thread
2020-09-29 00:00:01,415 INFO com.matis.objdetector.Model.VideoChannel.Channel[cBKYvCC4]Channel cBKYvCC4-->channel has been enabled
2020-09-29 00:00:01,415 INFO com.matis.objdetector.Model.VideoChannel.Channel[kvHBay5W]Channel kvHBay5W-->is waiting to be enabled
2020-09-29 00:00:01,415 INFO com.matis.objdetector.Model.VideoChannel.Channel[aQy5OEUb]Channel aQy5OEUb-->released in new thread
2020-09-29 00:00:01,415 INFO com.matis.objdetector.Model.VideoChannel.Channel[icqXexfc]Channel icqXexfc-->released in new thread
2020-09-29 00:00:01,416 INFO com.matis.objdetector.Model.VideoChannel.Channel[gqMAKvBL]Channel gqMAKvBL-->is waiting to be enabled
2020-09-29 00:00:01,415 INFO com.matis.objdetector.Model.VideoChannel.Channel[mfIF2G7H]Channel mfIF2G7H-->is waiting to be enabled
2020-09-29 00:00:01,416 INFO com.matis.objdetector.Model.VideoChannel.Channel[ejNztoGc]Channel ejNztoGc-->is waiting to be enabled
2020-09-29 00:00:01,416 INFO com.matis.objdetector.Model.VideoChannel.Channel[aQy5OEUb]Channel aQy5OEUb-->is waiting to be enabled
2020-09-29 00:00:01,416 INFO com.matis.objdetector.Model.VideoChannel.Channel[BKtF1fEh]Channel BKtF1fEh-->is waiting to be enabled
2020-09-29 00:00:01,416 INFO com.matis.objdetector.Model.VideoChannel.Channel[cBKYvCC4]Channel_cBKYvCC4_launch componnents
2020-09-29 00:00:01,416 INFO com.matis.objdetector.Model.VideoChannel.Channel[icqXexfc]Channel icqXexfc-->is waiting to be enabled
2020-09-29 00:00:01,417 INFO com.matis.objdetector.Model.VideoChannel.Channel[cBKYvCC4]Channel_cBKYvCC4_stream_101_launched
2020-09-29 00:00:01,418 INFO com.matis.objdetector.Model.VideoChannel.Channel[cBKYvCC4]Channel_cBKYvCC4_stream_102_launched
2020-09-29 00:00:01,419 INFO com.matis.objdetector.Model.VideoChannel.Channel[cBKYvCC4]Channel_cBKYvCC4_mdetector_launched
2020-09-29 00:00:01,419 INFO com.matis.objdetector.Model.VideoChannel.Channel[cBKYvCC4]Componnents launched
2020-09-29 00:00:02,429 INFO com.matis.objdetector.Model.VideoChannel.VideoStream[cBKYvCC4-101]stream released in new thread
2020-09-29 00:00:02,429 INFO com.matis.objdetector.Model.VideoChannel.MotionDetector[pool-42-thread-3MD]MD started
2020-09-29 00:00:02,429 INFO com.matis.objdetector.Model.VideoChannel.VideoStream[cBKYvCC4-102]stream released in new thread
2020-09-29 00:00:02,430 INFO com.matis.objdetector.Model.VideoChannel.VideoStream[cBKYvCC4-101]the stream has been enabled
2020-09-29 00:00:02,430 INFO com.matis.objdetector.Model.VideoChannel.VideoStream[cBKYvCC4-102]the stream has been enabled
2020-09-29 19:45:25,119 INFO org.springframework.boot.StartupInfoLogger[main]Starting ObjDetectorApplication on DESKTOP-ASB17NR with PID 172 (C:\Users\Constantin\IdeaProjects\VideoSurveillance\target\classes started by Constantin in C:\Users\Constantin\IdeaProjects\VideoSurveillance)
2020-09-29 19:45:25,122 INFO org.springframework.boot.SpringApplication[main]No active profile set, falling back to default profiles: default
2020-09-29 19:45:25,987 INFO org.springframework.boot.web.embedded.tomcat.TomcatWebServer[main]Tomcat initialized with port(s): 8080 (http)
2020-09-29 19:45:25,994 INFO org.apache.juli.logging.DirectJDKLog[main]Initializing ProtocolHandler ["http-nio-8080"]
2020-09-29 19:45:25,995 INFO org.apache.juli.logging.DirectJDKLog[main]Starting service [Tomcat]
2020-09-29 19:45:25,995 INFO org.apache.juli.logging.DirectJDKLog[main]Starting Servlet engine: [Apache Tomcat/9.0.37]
2020-09-29 19:45:26,073 INFO org.apache.juli.logging.DirectJDKLog[main]Initializing Spring embedded WebApplicationContext
2020-09-29 19:45:26,073 INFO org.springframework.boot.web.servlet.context.ServletWebServerApplicationContext[main]Root WebApplicationContext: initialization completed in 904 ms
2020-09-29 19:45:26,521 INFO org.springframework.scheduling.concurrent.ExecutorConfigurationSupport[main]Initializing ExecutorService 'applicationTaskExecutor'
2020-09-29 19:45:26,686 INFO org.springframework.scheduling.concurrent.ExecutorConfigurationSupport[main]Initializing ExecutorService 'taskScheduler'
2020-09-29 19:45:26,697 INFO org.apache.juli.logging.DirectJDKLog[main]Starting ProtocolHandler ["http-nio-8080"]
2020-09-29 19:45:26,714 INFO org.springframework.boot.web.embedded.tomcat.TomcatWebServer[main]Tomcat started on port(s): 8080 (http) with context path ''
2020-09-29 19:45:26,726 INFO org.springframework.boot.StartupInfoLogger[main]Started ObjDetectorApplication in 1.996 seconds (JVM running for 2.353)
2020-09-29 19:45:26,728 INFO com.matis.objdetector.Model.VideoChannel.ChannelsContainer[main]Deserialization process has started
2020-09-29 19:45:26,751 INFO com.matis.objdetector.Model.VideoChannel.ChannelsContainer[main]Channel:[Nr:7,ID:mfIF2G7H,Name:Channel_7] has been deserialized
2020-09-29 19:45:26,752 INFO com.matis.objdetector.Model.VideoChannel.ChannelsContainer[main]Channel:[Nr:2,ID:gqMAKvBL,Name:Channel_2] has been deserialized
2020-09-29 19:45:26,753 INFO com.matis.objdetector.Model.VideoChannel.ChannelsContainer[main]Channel:[Nr:3,ID:kvHBay5W,Name:Channel_3] has been deserialized
2020-09-29 19:45:26,754 INFO com.matis.objdetector.Model.VideoChannel.ChannelsContainer[main]Channel:[Nr:4,ID:BKtF1fEh,Name:Channel_4] has been deserialized
2020-09-29 19:45:26,755 INFO com.matis.objdetector.Model.VideoChannel.ChannelsContainer[main]Channel:[Nr:6,ID:ejNztoGc,Name:Channel_6] has been deserialized
2020-09-29 19:45:26,756 INFO com.matis.objdetector.Model.VideoChannel.ChannelsContainer[main]Channel:[Nr:5,ID:aQy5OEUb,Name:Channel_5] has been deserialized
2020-09-29 19:45:26,757 INFO com.matis.objdetector.Model.VideoChannel.ChannelsContainer[main]Channel:[Nr:1,ID:cBKYvCC4,Name:Channel_1] has been deserialized
2020-09-29 19:45:26,758 INFO com.matis.objdetector.Model.VideoChannel.ChannelsContainer[main]Channel:[Nr:8,ID:icqXexfc,Name:Channel_8] has been deserialized
2020-09-29 19:45:26,759 INFO com.matis.objdetector.Model.VideoChannel.ChannelsContainer[main]Deserialization process has ended
2020-09-29 19:45:26,760 INFO com.matis.objdetector.Model.VideoChannel.ChannelsContainer[main]Serialization process has started
2020-09-29 19:45:26,762 INFO com.matis.objdetector.Model.VideoChannel.ChannelsContainer[main]Channel:[Nr:7,ID:mfIF2G7H,Name:Channel_7] has been serialized
2020-09-29 19:45:26,762 INFO com.matis.objdetector.Model.VideoChannel.ChannelsContainer[main]Channel:[Nr:2,ID:gqMAKvBL,Name:Channel_2] has been serialized
2020-09-29 19:45:26,763 INFO com.matis.objdetector.Model.VideoChannel.ChannelsContainer[main]Channel:[Nr:3,ID:kvHBay5W,Name:Channel_3] has been serialized
2020-09-29 19:45:26,763 INFO com.matis.objdetector.Model.VideoChannel.ChannelsContainer[main]Channel:[Nr:4,ID:BKtF1fEh,Name:Channel_4] has been serialized
2020-09-29 19:45:26,764 INFO com.matis.objdetector.Model.VideoChannel.ChannelsContainer[main]Channel:[Nr:6,ID:ejNztoGc,Name:Channel_6] has been serialized
2020-09-29 19:45:26,764 INFO com.matis.objdetector.Model.VideoChannel.ChannelsContainer[main]Channel:[Nr:5,ID:aQy5OEUb,Name:Channel_5] has been serialized
2020-09-29 19:45:26,765 INFO com.matis.objdetector.Model.VideoChannel.ChannelsContainer[main]Channel:[Nr:1,ID:cBKYvCC4,Name:Channel_1] has been serialized
2020-09-29 19:45:26,765 INFO com.matis.objdetector.Model.VideoChannel.ChannelsContainer[main]Channel:[Nr:8,ID:icqXexfc,Name:Channel_8] has been serialized
2020-09-29 19:45:26,766 INFO com.matis.objdetector.Model.VideoChannel.ChannelsContainer[main]Serialization process has ended
2020-09-29 19:45:27,774 INFO com.matis.objdetector.Model.VideoChannel.Channel[cBKYvCC4]Channel cBKYvCC4-->released in new thread
2020-09-29 19:45:27,773 INFO com.matis.objdetector.Model.VideoChannel.Channel[mfIF2G7H]Channel mfIF2G7H-->released in new thread
2020-09-29 19:45:27,774 INFO com.matis.objdetector.Model.VideoChannel.Channel[icqXexfc]Channel icqXexfc-->released in new thread
2020-09-29 19:45:27,773 INFO com.matis.objdetector.Model.VideoChannel.Channel[BKtF1fEh]Channel BKtF1fEh-->released in new thread
2020-09-29 19:45:27,773 INFO com.matis.objdetector.Model.VideoChannel.Channel[kvHBay5W]Channel kvHBay5W-->released in new thread
2020-09-29 19:45:27,773 INFO com.matis.objdetector.Model.VideoChannel.Channel[aQy5OEUb]Channel aQy5OEUb-->released in new thread
2020-09-29 19:45:27,773 INFO com.matis.objdetector.Model.VideoChannel.Channel[ejNztoGc]Channel ejNztoGc-->released in new thread
2020-09-29 19:45:27,773 INFO com.matis.objdetector.Model.VideoChannel.Channel[gqMAKvBL]Channel gqMAKvBL-->released in new thread
2020-09-29 19:45:27,775 INFO com.matis.objdetector.Model.VideoChannel.Channel[cBKYvCC4]Channel cBKYvCC4-->channel has been enabled
2020-09-29 19:45:27,775 INFO com.matis.objdetector.Model.VideoChannel.Channel[mfIF2G7H]Channel mfIF2G7H-->is waiting to be enabled
2020-09-29 19:45:27,775 INFO com.matis.objdetector.Model.VideoChannel.Channel[icqXexfc]Channel icqXexfc-->is waiting to be enabled
2020-09-29 19:45:27,775 INFO com.matis.objdetector.Model.VideoChannel.Channel[kvHBay5W]Channel kvHBay5W-->is waiting to be enabled
2020-09-29 19:45:27,775 INFO com.matis.objdetector.Model.VideoChannel.Channel[aQy5OEUb]Channel aQy5OEUb-->is waiting to be enabled
2020-09-29 19:45:27,776 INFO com.matis.objdetector.Model.VideoChannel.Channel[ejNztoGc]Channel ejNztoGc-->is waiting to be enabled
2020-09-29 19:45:27,776 INFO com.matis.objdetector.Model.VideoChannel.Channel[BKtF1fEh]Channel BKtF1fEh-->is waiting to be enabled
2020-09-29 19:45:27,776 INFO com.matis.objdetector.Model.VideoChannel.Channel[gqMAKvBL]Channel gqMAKvBL-->is waiting to be enabled
2020-09-29 19:45:27,776 INFO com.matis.objdetector.Model.VideoChannel.Channel[cBKYvCC4]Channel_cBKYvCC4_launch componnents
2020-09-29 19:45:27,777 INFO com.matis.objdetector.Model.VideoChannel.Channel[cBKYvCC4]Channel_cBKYvCC4_stream_101_launched
2020-09-29 19:45:27,778 INFO com.matis.objdetector.Model.VideoChannel.Channel[cBKYvCC4]Channel_cBKYvCC4_stream_102_launched
2020-09-29 19:45:27,779 INFO com.matis.objdetector.Model.VideoChannel.Channel[cBKYvCC4]Channel_cBKYvCC4_mdetector_launched
2020-09-29 19:45:27,779 INFO com.matis.objdetector.Model.VideoChannel.Channel[cBKYvCC4]Componnents launched
2020-09-29 19:45:28,784 INFO com.matis.objdetector.Model.VideoChannel.VideoStream[cBKYvCC4-102]stream released in new thread
2020-09-29 19:45:28,784 INFO com.matis.objdetector.Model.VideoChannel.MotionDetector[pool-42-thread-3MD]MD started
2020-09-29 19:45:28,784 INFO com.matis.objdetector.Model.VideoChannel.VideoStream[cBKYvCC4-101]stream released in new thread
2020-09-29 19:45:28,785 INFO com.matis.objdetector.Model.VideoChannel.VideoStream[cBKYvCC4-101]the stream has been enabled
2020-09-29 19:45:28,785 INFO com.matis.objdetector.Model.VideoChannel.VideoStream[cBKYvCC4-102]the stream has been enabled
2020-09-29 19:45:50,498 INFO org.apache.juli.logging.DirectJDKLog[http-nio-8080-exec-1]Initializing Spring DispatcherServlet 'dispatcherServlet'
2020-09-29 19:45:50,498 INFO org.springframework.web.servlet.FrameworkServlet[http-nio-8080-exec-1]Initializing Servlet 'dispatcherServlet'
2020-09-29 19:45:50,503 INFO org.springframework.web.servlet.FrameworkServlet[http-nio-8080-exec-1]Completed initialization in 5 ms
2020-09-29 19:47:21,060 INFO org.springframework.boot.StartupInfoLogger[main]Starting ObjDetectorApplication on DESKTOP-ASB17NR with PID 15640 (C:\Users\Constantin\IdeaProjects\VideoSurveillance\target\classes started by Constantin in C:\Users\Constantin\IdeaProjects\VideoSurveillance)
2020-09-29 19:47:21,062 INFO org.springframework.boot.SpringApplication[main]No active profile set, falling back to default profiles: default
2020-09-29 19:47:21,868 INFO org.springframework.boot.web.embedded.tomcat.TomcatWebServer[main]Tomcat initialized with port(s): 8080 (http)
2020-09-29 19:47:21,875 INFO org.apache.juli.logging.DirectJDKLog[main]Initializing ProtocolHandler ["http-nio-8080"]
2020-09-29 19:47:21,876 INFO org.apache.juli.logging.DirectJDKLog[main]Starting service [Tomcat]
2020-09-29 19:47:21,876 INFO org.apache.juli.logging.DirectJDKLog[main]Starting Servlet engine: [Apache Tomcat/9.0.37]
2020-09-29 19:47:21,962 INFO org.apache.juli.logging.DirectJDKLog[main]Initializing Spring embedded WebApplicationContext
2020-09-29 19:47:21,963 INFO org.springframework.boot.web.servlet.context.ServletWebServerApplicationContext[main]Root WebApplicationContext: initialization completed in 864 ms
2020-09-29 19:47:22,435 INFO org.springframework.scheduling.concurrent.ExecutorConfigurationSupport[main]Initializing ExecutorService 'applicationTaskExecutor'
2020-09-29 19:47:22,582 INFO org.springframework.scheduling.concurrent.ExecutorConfigurationSupport[main]Initializing ExecutorService 'taskScheduler'
2020-09-29 19:47:22,594 INFO org.apache.juli.logging.DirectJDKLog[main]Starting ProtocolHandler ["http-nio-8080"]
2020-09-29 19:47:22,612 INFO org.springframework.boot.web.embedded.tomcat.TomcatWebServer[main]Tomcat started on port(s): 8080 (http) with context path ''
2020-09-29 19:47:22,625 INFO org.springframework.boot.StartupInfoLogger[main]Started ObjDetectorApplication in 1.898 seconds (JVM running for 2.222)
2020-09-29 19:47:22,626 INFO com.matis.objdetector.Model.VideoChannel.ChannelsContainer[main]Deserialization process has started
2020-09-29 19:47:22,648 INFO com.matis.objdetector.Model.VideoChannel.ChannelsContainer[main]Channel:[Nr:7,ID:mfIF2G7H,Name:Channel_7] has been deserialized
2020-09-29 19:47:22,649 INFO com.matis.objdetector.Model.VideoChannel.ChannelsContainer[main]Channel:[Nr:2,ID:gqMAKvBL,Name:Channel_2] has been deserialized
2020-09-29 19:47:22,650 INFO com.matis.objdetector.Model.VideoChannel.ChannelsContainer[main]Channel:[Nr:3,ID:kvHBay5W,Name:Channel_3] has been deserialized
2020-09-29 19:47:22,651 INFO com.matis.objdetector.Model.VideoChannel.ChannelsContainer[main]Channel:[Nr:4,ID:BKtF1fEh,Name:Channel_4] has been deserialized
2020-09-29 19:47:22,652 INFO com.matis.objdetector.Model.VideoChannel.ChannelsContainer[main]Channel:[Nr:6,ID:ejNztoGc,Name:Channel_6] has been deserialized
2020-09-29 19:47:22,654 INFO com.matis.objdetector.Model.VideoChannel.ChannelsContainer[main]Channel:[Nr:5,ID:aQy5OEUb,Name:Channel_5] has been deserialized
2020-09-29 19:47:22,655 INFO com.matis.objdetector.Model.VideoChannel.ChannelsContainer[main]Channel:[Nr:1,ID:cBKYvCC4,Name:Channel_1] has been deserialized
2020-09-29 19:47:22,656 INFO com.matis.objdetector.Model.VideoChannel.ChannelsContainer[main]Channel:[Nr:8,ID:icqXexfc,Name:Channel_8] has been deserialized
2020-09-29 19:47:22,656 INFO com.matis.objdetector.Model.VideoChannel.ChannelsContainer[main]Deserialization process has ended
2020-09-29 19:47:22,657 INFO com.matis.objdetector.Model.VideoChannel.ChannelsContainer[main]Serialization process has started
2020-09-29 19:47:22,660 INFO com.matis.objdetector.Model.VideoChannel.ChannelsContainer[main]Channel:[Nr:7,ID:mfIF2G7H,Name:Channel_7] has been serialized
2020-09-29 19:47:22,660 INFO com.matis.objdetector.Model.VideoChannel.ChannelsContainer[main]Channel:[Nr:2,ID:gqMAKvBL,Name:Channel_2] has been serialized
2020-09-29 19:47:22,661 INFO com.matis.objdetector.Model.VideoChannel.ChannelsContainer[main]Channel:[Nr:3,ID:kvHBay5W,Name:Channel_3] has been serialized
2020-09-29 19:47:22,661 INFO com.matis.objdetector.Model.VideoChannel.ChannelsContainer[main]Channel:[Nr:4,ID:BKtF1fEh,Name:Channel_4] has been serialized
2020-09-29 19:47:22,662 INFO com.matis.objdetector.Model.VideoChannel.ChannelsContainer[main]Channel:[Nr:6,ID:ejNztoGc,Name:Channel_6] has been serialized
2020-09-29 19:47:22,662 INFO com.matis.objdetector.Model.VideoChannel.ChannelsContainer[main]Channel:[Nr:5,ID:aQy5OEUb,Name:Channel_5] has been serialized
2020-09-29 19:47:22,662 INFO com.matis.objdetector.Model.VideoChannel.ChannelsContainer[main]Channel:[Nr:1,ID:cBKYvCC4,Name:Channel_1] has been serialized
2020-09-29 19:47:22,663 INFO com.matis.objdetector.Model.VideoChannel.ChannelsContainer[main]Channel:[Nr:8,ID:icqXexfc,Name:Channel_8] has been serialized
2020-09-29 19:47:22,663 INFO com.matis.objdetector.Model.VideoChannel.ChannelsContainer[main]Serialization process has ended
2020-09-29 19:47:22,745 INFO org.apache.juli.logging.DirectJDKLog[http-nio-8080-exec-1]Initializing Spring DispatcherServlet 'dispatcherServlet'
2020-09-29 19:47:22,745 INFO org.springframework.web.servlet.FrameworkServlet[http-nio-8080-exec-1]Initializing Servlet 'dispatcherServlet'
2020-09-29 19:47:22,750 INFO org.springframework.web.servlet.FrameworkServlet[http-nio-8080-exec-1]Completed initialization in 5 ms
2020-09-29 19:47:23,669 INFO com.matis.objdetector.Model.VideoChannel.Channel[ejNztoGc]Channel ejNztoGc-->released in new thread
2020-09-29 19:47:23,669 INFO com.matis.objdetector.Model.VideoChannel.Channel[kvHBay5W]Channel kvHBay5W-->released in new thread
2020-09-29 19:47:23,669 INFO com.matis.objdetector.Model.VideoChannel.Channel[cBKYvCC4]Channel cBKYvCC4-->released in new thread
2020-09-29 19:47:23,669 INFO com.matis.objdetector.Model.VideoChannel.Channel[gqMAKvBL]Channel gqMAKvBL-->released in new thread
2020-09-29 19:47:23,669 INFO com.matis.objdetector.Model.VideoChannel.Channel[icqXexfc]Channel icqXexfc-->released in new thread
2020-09-29 19:47:23,669 INFO com.matis.objdetector.Model.VideoChannel.Channel[mfIF2G7H]Channel mfIF2G7H-->released in new thread
2020-09-29 19:47:23,669 INFO com.matis.objdetector.Model.VideoChannel.Channel[BKtF1fEh]Channel BKtF1fEh-->released in new thread
2020-09-29 19:47:23,669 INFO com.matis.objdetector.Model.VideoChannel.Channel[aQy5OEUb]Channel aQy5OEUb-->released in new thread
2020-09-29 19:47:23,670 INFO com.matis.objdetector.Model.VideoChannel.Channel[cBKYvCC4]Channel cBKYvCC4-->channel has been enabled
2020-09-29 19:47:23,671 INFO com.matis.objdetector.Model.VideoChannel.Channel[ejNztoGc]Channel ejNztoGc-->is waiting to be enabled
2020-09-29 19:47:23,670 INFO com.matis.objdetector.Model.VideoChannel.Channel[kvHBay5W]Channel kvHBay5W-->is waiting to be enabled
2020-09-29 19:47:23,671 INFO com.matis.objdetector.Model.VideoChannel.Channel[BKtF1fEh]Channel BKtF1fEh-->is waiting to be enabled
2020-09-29 19:47:23,671 INFO com.matis.objdetector.Model.VideoChannel.Channel[aQy5OEUb]Channel aQy5OEUb-->is waiting to be enabled
2020-09-29 19:47:23,671 INFO com.matis.objdetector.Model.VideoChannel.Channel[icqXexfc]Channel icqXexfc-->is waiting to be enabled
2020-09-29 19:47:23,671 INFO com.matis.objdetector.Model.VideoChannel.Channel[mfIF2G7H]Channel mfIF2G7H-->is waiting to be enabled
2020-09-29 19:47:23,671 INFO com.matis.objdetector.Model.VideoChannel.Channel[gqMAKvBL]Channel gqMAKvBL-->is waiting to be enabled
2020-09-29 19:47:23,671 INFO com.matis.objdetector.Model.VideoChannel.Channel[cBKYvCC4]Channel_cBKYvCC4_launch componnents
2020-09-29 19:47:23,673 INFO com.matis.objdetector.Model.VideoChannel.Channel[cBKYvCC4]Channel_cBKYvCC4_stream_101_launched
2020-09-29 19:47:23,674 INFO com.matis.objdetector.Model.VideoChannel.Channel[cBKYvCC4]Channel_cBKYvCC4_stream_102_launched
2020-09-29 19:47:23,674 INFO com.matis.objdetector.Model.VideoChannel.Channel[cBKYvCC4]Channel_cBKYvCC4_mdetector_launched
2020-09-29 19:47:23,674 INFO com.matis.objdetector.Model.VideoChannel.Channel[cBKYvCC4]Componnents launched
2020-09-29 19:47:24,675 INFO com.matis.objdetector.Model.VideoChannel.VideoStream[cBKYvCC4-102]stream released in new thread
2020-09-29 19:47:24,675 INFO com.matis.objdetector.Model.VideoChannel.VideoStream[cBKYvCC4-101]stream released in new thread
2020-09-29 19:47:24,675 INFO com.matis.objdetector.Model.VideoChannel.MotionDetector[pool-42-thread-3MD]MD started
2020-09-29 19:47:24,676 INFO com.matis.objdetector.Model.VideoChannel.VideoStream[cBKYvCC4-102]the stream has been enabled
2020-09-29 19:47:24,676 INFO com.matis.objdetector.Model.VideoChannel.VideoStream[cBKYvCC4-101]the stream has been enabled
2020-09-29 19:48:04,351 INFO org.springframework.boot.StartupInfoLogger[main]Starting ObjDetectorApplication on DESKTOP-ASB17NR with PID 14716 (C:\Users\Constantin\IdeaProjects\VideoSurveillance\target\classes started by Constantin in C:\Users\Constantin\IdeaProjects\VideoSurveillance)
2020-09-29 19:48:04,354 INFO org.springframework.boot.SpringApplication[main]No active profile set, falling back to default profiles: default
2020-09-29 19:48:05,154 INFO org.springframework.boot.web.embedded.tomcat.TomcatWebServer[main]Tomcat initialized with port(s): 8080 (http)
2020-09-29 19:48:05,167 INFO org.apache.juli.logging.DirectJDKLog[main]Initializing ProtocolHandler ["http-nio-8080"]
2020-09-29 19:48:05,167 INFO org.apache.juli.logging.DirectJDKLog[main]Starting service [Tomcat]
2020-09-29 19:48:05,168 INFO org.apache.juli.logging.DirectJDKLog[main]Starting Servlet engine: [Apache Tomcat/9.0.37]
2020-09-29 19:48:05,245 INFO org.apache.juli.logging.DirectJDKLog[main]Initializing Spring embedded WebApplicationContext
2020-09-29 19:48:05,245 INFO org.springframework.boot.web.servlet.context.ServletWebServerApplicationContext[main]Root WebApplicationContext: initialization completed in 852 ms
2020-09-29 19:48:05,660 INFO org.springframework.scheduling.concurrent.ExecutorConfigurationSupport[main]Initializing ExecutorService 'applicationTaskExecutor'
2020-09-29 19:48:05,803 INFO org.springframework.scheduling.concurrent.ExecutorConfigurationSupport[main]Initializing ExecutorService 'taskScheduler'
2020-09-29 19:48:05,813 INFO org.apache.juli.logging.DirectJDKLog[main]Starting ProtocolHandler ["http-nio-8080"]
2020-09-29 19:48:05,829 INFO org.springframework.boot.web.embedded.tomcat.TomcatWebServer[main]Tomcat started on port(s): 8080 (http) with context path ''
2020-09-29 19:48:05,838 INFO org.springframework.boot.StartupInfoLogger[main]Started ObjDetectorApplication in 1.814 seconds (JVM running for 2.113)
2020-09-29 19:48:05,839 INFO com.matis.objdetector.Model.VideoChannel.ChannelsContainer[main]Deserialization process has started
2020-09-29 19:48:05,860 INFO com.matis.objdetector.Model.VideoChannel.ChannelsContainer[main]Channel:[Nr:7,ID:mfIF2G7H,Name:Channel_7] has been deserialized
2020-09-29 19:48:05,861 INFO com.matis.objdetector.Model.VideoChannel.ChannelsContainer[main]Channel:[Nr:2,ID:gqMAKvBL,Name:Channel_2] has been deserialized
2020-09-29 19:48:05,862 INFO com.matis.objdetector.Model.VideoChannel.ChannelsContainer[main]Channel:[Nr:3,ID:kvHBay5W,Name:Channel_3] has been deserialized
2020-09-29 19:48:05,863 INFO com.matis.objdetector.Model.VideoChannel.ChannelsContainer[main]Channel:[Nr:4,ID:BKtF1fEh,Name:Channel_4] has been deserialized
2020-09-29 19:48:05,865 INFO com.matis.objdetector.Model.VideoChannel.ChannelsContainer[main]Channel:[Nr:6,ID:ejNztoGc,Name:Channel_6] has been deserialized
2020-09-29 19:48:05,866 INFO com.matis.objdetector.Model.VideoChannel.ChannelsContainer[main]Channel:[Nr:5,ID:aQy5OEUb,Name:Channel_5] has been deserialized
2020-09-29 19:48:05,867 INFO com.matis.objdetector.Model.VideoChannel.ChannelsContainer[main]Channel:[Nr:1,ID:cBKYvCC4,Name:Channel_1] has been deserialized
2020-09-29 19:48:05,868 INFO com.matis.objdetector.Model.VideoChannel.ChannelsContainer[main]Channel:[Nr:8,ID:icqXexfc,Name:Channel_8] has been deserialized
2020-09-29 19:48:05,869 INFO com.matis.objdetector.Model.VideoChannel.ChannelsContainer[main]Deserialization process has ended
2020-09-29 19:48:05,870 INFO com.matis.objdetector.Model.VideoChannel.ChannelsContainer[main]Serialization process has started
2020-09-29 19:48:05,871 INFO com.matis.objdetector.Model.VideoChannel.ChannelsContainer[main]Channel:[Nr:7,ID:mfIF2G7H,Name:Channel_7] has been serialized
2020-09-29 19:48:05,872 INFO com.matis.objdetector.Model.VideoChannel.ChannelsContainer[main]Channel:[Nr:2,ID:gqMAKvBL,Name:Channel_2] has been serialized
2020-09-29 19:48:05,872 INFO com.matis.objdetector.Model.VideoChannel.ChannelsContainer[main]Channel:[Nr:3,ID:kvHBay5W,Name:Channel_3] has been serialized
2020-09-29 19:48:05,872 INFO com.matis.objdetector.Model.VideoChannel.ChannelsContainer[main]Channel:[Nr:4,ID:BKtF1fEh,Name:Channel_4] has been serialized
2020-09-29 19:48:05,873 INFO com.matis.objdetector.Model.VideoChannel.ChannelsContainer[main]Channel:[Nr:6,ID:ejNztoGc,Name:Channel_6] has been serialized
2020-09-29 19:48:05,873 INFO com.matis.objdetector.Model.VideoChannel.ChannelsContainer[main]Channel:[Nr:5,ID:aQy5OEUb,Name:Channel_5] has been serialized
2020-09-29 19:48:05,873 INFO com.matis.objdetector.Model.VideoChannel.ChannelsContainer[main]Channel:[Nr:1,ID:cBKYvCC4,Name:Channel_1] has been serialized
2020-09-29 19:48:05,874 INFO com.matis.objdetector.Model.VideoChannel.ChannelsContainer[main]Channel:[Nr:8,ID:icqXexfc,Name:Channel_8] has been serialized
2020-09-29 19:48:05,874 INFO com.matis.objdetector.Model.VideoChannel.ChannelsContainer[main]Serialization process has ended
2020-09-29 19:48:06,874 INFO com.matis.objdetector.Model.VideoChannel.Channel[mfIF2G7H]Channel mfIF2G7H-->released in new thread
2020-09-29 19:48:06,874 INFO com.matis.objdetector.Model.VideoChannel.Channel[cBKYvCC4]Channel cBKYvCC4-->released in new thread
2020-09-29 19:48:06,874 INFO com.matis.objdetector.Model.VideoChannel.Channel[ejNztoGc]Channel ejNztoGc-->released in new thread
2020-09-29 19:48:06,874 INFO com.matis.objdetector.Model.VideoChannel.Channel[gqMAKvBL]Channel gqMAKvBL-->released in new thread
2020-09-29 19:48:06,874 INFO com.matis.objdetector.Model.VideoChannel.Channel[BKtF1fEh]Channel BKtF1fEh-->released in new thread
2020-09-29 19:48:06,874 INFO com.matis.objdetector.Model.VideoChannel.Channel[aQy5OEUb]Channel aQy5OEUb-->released in new thread
2020-09-29 19:48:06,875 INFO com.matis.objdetector.Model.VideoChannel.Channel[cBKYvCC4]Channel cBKYvCC4-->channel has been enabled
2020-09-29 19:48:06,875 INFO com.matis.objdetector.Model.VideoChannel.Channel[mfIF2G7H]Channel mfIF2G7H-->is waiting to be enabled
2020-09-29 19:48:06,874 INFO com.matis.objdetector.Model.VideoChannel.Channel[kvHBay5W]Channel kvHBay5W-->released in new thread
2020-09-29 19:48:06,875 INFO com.matis.objdetector.Model.VideoChannel.Channel[gqMAKvBL]Channel gqMAKvBL-->is waiting to be enabled
2020-09-29 19:48:06,875 INFO com.matis.objdetector.Model.VideoChannel.Channel[icqXexfc]Channel icqXexfc-->released in new thread
2020-09-29 19:48:06,875 INFO com.matis.objdetector.Model.VideoChannel.Channel[ejNztoGc]Channel ejNztoGc-->is waiting to be enabled
2020-09-29 19:48:06,875 INFO com.matis.objdetector.Model.VideoChannel.Channel[BKtF1fEh]Channel BKtF1fEh-->is waiting to be enabled
2020-09-29 19:48:06,876 INFO com.matis.objdetector.Model.VideoChannel.Channel[aQy5OEUb]Channel aQy5OEUb-->is waiting to be enabled
2020-09-29 19:48:06,876 INFO com.matis.objdetector.Model.VideoChannel.Channel[cBKYvCC4]Channel_cBKYvCC4_launch componnents
2020-09-29 19:48:06,876 INFO com.matis.objdetector.Model.VideoChannel.Channel[kvHBay5W]Channel kvHBay5W-->is waiting to be enabled
2020-09-29 19:48:06,877 INFO com.matis.objdetector.Model.VideoChannel.Channel[icqXexfc]Channel icqXexfc-->is waiting to be enabled
2020-09-29 19:48:06,878 INFO com.matis.objdetector.Model.VideoChannel.Channel[cBKYvCC4]Channel_cBKYvCC4_stream_101_launched
2020-09-29 19:48:06,878 INFO com.matis.objdetector.Model.VideoChannel.Channel[cBKYvCC4]Channel_cBKYvCC4_stream_102_launched
2020-09-29 19:48:06,879 INFO com.matis.objdetector.Model.VideoChannel.Channel[cBKYvCC4]Channel_cBKYvCC4_mdetector_launched
2020-09-29 19:48:06,880 INFO com.matis.objdetector.Model.VideoChannel.Channel[cBKYvCC4]Componnents launched
2020-09-29 19:48:07,881 INFO com.matis.objdetector.Model.VideoChannel.MotionDetector[pool-42-thread-3MD]MD started
2020-09-29 19:48:07,881 INFO com.matis.objdetector.Model.VideoChannel.VideoStream[cBKYvCC4-102]stream released in new thread
2020-09-29 19:48:07,881 INFO com.matis.objdetector.Model.VideoChannel.VideoStream[cBKYvCC4-101]stream released in new thread
2020-09-29 19:48:07,881 INFO com.matis.objdetector.Model.VideoChannel.VideoStream[cBKYvCC4-102]the stream has been enabled
2020-09-29 19:48:07,881 INFO com.matis.objdetector.Model.VideoChannel.VideoStream[cBKYvCC4-101]the stream has been enabled
2020-09-29 19:48:09,118 INFO org.apache.juli.logging.DirectJDKLog[http-nio-8080-exec-1]Initializing Spring DispatcherServlet 'dispatcherServlet'
2020-09-29 19:48:09,118 INFO org.springframework.web.servlet.FrameworkServlet[http-nio-8080-exec-1]Initializing Servlet 'dispatcherServlet'
2020-09-29 19:48:09,123 INFO org.springframework.web.servlet.FrameworkServlet[http-nio-8080-exec-1]Completed initialization in 4 ms
2020-09-29 20:00:46,341 INFO org.springframework.boot.StartupInfoLogger[main]Starting ObjDetectorApplication on DESKTOP-ASB17NR with PID 15716 (C:\Users\Constantin\IdeaProjects\VideoSurveillance\target\classes started by Constantin in C:\Users\Constantin\IdeaProjects\VideoSurveillance)
2020-09-29 20:00:46,344 INFO org.springframework.boot.SpringApplication[main]No active profile set, falling back to default profiles: default
2020-09-29 20:00:47,118 INFO org.springframework.boot.web.embedded.tomcat.TomcatWebServer[main]Tomcat initialized with port(s): 8080 (http)
2020-09-29 20:00:47,129 INFO org.apache.juli.logging.DirectJDKLog[main]Initializing ProtocolHandler ["http-nio-8080"]
2020-09-29 20:00:47,129 INFO org.apache.juli.logging.DirectJDKLog[main]Starting service [Tomcat]
2020-09-29 20:00:47,129 INFO org.apache.juli.logging.DirectJDKLog[main]Starting Servlet engine: [Apache Tomcat/9.0.37]
2020-09-29 20:00:47,197 INFO org.apache.juli.logging.DirectJDKLog[main]Initializing Spring embedded WebApplicationContext
2020-09-29 20:00:47,197 INFO org.springframework.boot.web.servlet.context.ServletWebServerApplicationContext[main]Root WebApplicationContext: initialization completed in 816 ms
2020-09-29 20:00:47,642 INFO org.springframework.scheduling.concurrent.ExecutorConfigurationSupport[main]Initializing ExecutorService 'applicationTaskExecutor'
2020-09-29 20:00:47,805 INFO org.springframework.scheduling.concurrent.ExecutorConfigurationSupport[main]Initializing ExecutorService 'taskScheduler'
2020-09-29 20:00:47,819 INFO org.apache.juli.logging.DirectJDKLog[main]Starting ProtocolHandler ["http-nio-8080"]
2020-09-29 20:00:47,836 INFO org.springframework.boot.web.embedded.tomcat.TomcatWebServer[main]Tomcat started on port(s): 8080 (http) with context path ''
2020-09-29 20:00:47,846 INFO org.springframework.boot.StartupInfoLogger[main]Started ObjDetectorApplication in 1.837 seconds (JVM running for 2.143)
2020-09-29 20:00:47,848 INFO com.matis.objdetector.Model.VideoChannel.ChannelsContainer[main]Deserialization process has started
2020-09-29 20:00:47,872 INFO com.matis.objdetector.Model.VideoChannel.ChannelsContainer[main]Channel:[Nr:7,ID:mfIF2G7H,Name:Channel_7] has been deserialized
2020-09-29 20:00:47,873 INFO com.matis.objdetector.Model.VideoChannel.ChannelsContainer[main]Channel:[Nr:2,ID:gqMAKvBL,Name:Channel_2] has been deserialized
2020-09-29 20:00:47,874 INFO com.matis.objdetector.Model.VideoChannel.ChannelsContainer[main]Channel:[Nr:3,ID:kvHBay5W,Name:Channel_3] has been deserialized
2020-09-29 20:00:47,876 INFO com.matis.objdetector.Model.VideoChannel.ChannelsContainer[main]Channel:[Nr:4,ID:BKtF1fEh,Name:Channel_4] has been deserialized
2020-09-29 20:00:47,877 INFO com.matis.objdetector.Model.VideoChannel.ChannelsContainer[main]Channel:[Nr:6,ID:ejNztoGc,Name:Channel_6] has been deserialized
2020-09-29 20:00:47,878 INFO com.matis.objdetector.Model.VideoChannel.ChannelsContainer[main]Channel:[Nr:5,ID:aQy5OEUb,Name:Channel_5] has been deserialized
2020-09-29 20:00:47,879 INFO com.matis.objdetector.Model.VideoChannel.ChannelsContainer[main]Channel:[Nr:1,ID:cBKYvCC4,Name:Channel_1] has been deserialized
2020-09-29 20:00:47,880 INFO com.matis.objdetector.Model.VideoChannel.ChannelsContainer[main]Channel:[Nr:8,ID:icqXexfc,Name:Channel_8] has been deserialized
2020-09-29 20:00:47,880 INFO com.matis.objdetector.Model.VideoChannel.ChannelsContainer[main]Deserialization process has ended
2020-09-29 20:00:47,881 INFO com.matis.objdetector.Model.VideoChannel.ChannelsContainer[main]Serialization process has started
2020-09-29 20:00:47,883 INFO com.matis.objdetector.Model.VideoChannel.ChannelsContainer[main]Channel:[Nr:7,ID:mfIF2G7H,Name:Channel_7] has been serialized
2020-09-29 20:00:47,884 INFO com.matis.objdetector.Model.VideoChannel.ChannelsContainer[main]Channel:[Nr:2,ID:gqMAKvBL,Name:Channel_2] has been serialized
2020-09-29 20:00:47,884 INFO com.matis.objdetector.Model.VideoChannel.ChannelsContainer[main]Channel:[Nr:3,ID:kvHBay5W,Name:Channel_3] has been serialized
2020-09-29 20:00:47,884 INFO com.matis.objdetector.Model.VideoChannel.ChannelsContainer[main]Channel:[Nr:4,ID:BKtF1fEh,Name:Channel_4] has been serialized
2020-09-29 20:00:47,885 INFO com.matis.objdetector.Model.VideoChannel.ChannelsContainer[main]Channel:[Nr:6,ID:ejNztoGc,Name:Channel_6] has been serialized
2020-09-29 20:00:47,885 INFO com.matis.objdetector.Model.VideoChannel.ChannelsContainer[main]Channel:[Nr:5,ID:aQy5OEUb,Name:Channel_5] has been serialized
2020-09-29 20:00:47,886 INFO com.matis.objdetector.Model.VideoChannel.ChannelsContainer[main]Channel:[Nr:1,ID:cBKYvCC4,Name:Channel_1] has been serialized
2020-09-29 20:00:47,886 INFO com.matis.objdetector.Model.VideoChannel.ChannelsContainer[main]Channel:[Nr:8,ID:icqXexfc,Name:Channel_8] has been serialized
2020-09-29 20:00:47,887 INFO com.matis.objdetector.Model.VideoChannel.ChannelsContainer[main]Serialization process has ended
2020-09-29 20:00:48,895 INFO com.matis.objdetector.Model.VideoChannel.Channel[icqXexfc]Channel icqXexfc-->released in new thread
2020-09-29 20:00:48,895 INFO com.matis.objdetector.Model.VideoChannel.Channel[gqMAKvBL]Channel gqMAKvBL-->released in new thread
2020-09-29 20:00:48,895 INFO com.matis.objdetector.Model.VideoChannel.Channel[ejNztoGc]Channel ejNztoGc-->released in new thread
2020-09-29 20:00:48,895 INFO com.matis.objdetector.Model.VideoChannel.Channel[kvHBay5W]Channel kvHBay5W-->released in new thread
2020-09-29 20:00:48,895 INFO com.matis.objdetector.Model.VideoChannel.Channel[mfIF2G7H]Channel mfIF2G7H-->released in new thread
2020-09-29 20:00:48,895 INFO com.matis.objdetector.Model.VideoChannel.Channel[aQy5OEUb]Channel aQy5OEUb-->released in new thread
2020-09-29 20:00:48,895 INFO com.matis.objdetector.Model.VideoChannel.Channel[cBKYvCC4]Channel cBKYvCC4-->released in new thread
2020-09-29 20:00:48,895 INFO com.matis.objdetector.Model.VideoChannel.Channel[BKtF1fEh]Channel BKtF1fEh-->released in new thread
2020-09-29 20:00:48,897 INFO com.matis.objdetector.Model.VideoChannel.Channel[icqXexfc]Channel icqXexfc-->is waiting to be enabled
2020-09-29 20:00:48,897 INFO com.matis.objdetector.Model.VideoChannel.Channel[ejNztoGc]Channel ejNztoGc-->is waiting to be enabled
2020-09-29 20:00:48,897 INFO com.matis.objdetector.Model.VideoChannel.Channel[kvHBay5W]Channel kvHBay5W-->is waiting to be enabled
2020-09-29 20:00:48,897 INFO com.matis.objdetector.Model.VideoChannel.Channel[mfIF2G7H]Channel mfIF2G7H-->is waiting to be enabled
2020-09-29 20:00:48,897 INFO com.matis.objdetector.Model.VideoChannel.Channel[gqMAKvBL]Channel gqMAKvBL-->is waiting to be enabled
2020-09-29 20:00:48,897 INFO com.matis.objdetector.Model.VideoChannel.Channel[aQy5OEUb]Channel aQy5OEUb-->is waiting to be enabled
2020-09-29 20:00:48,897 INFO com.matis.objdetector.Model.VideoChannel.Channel[cBKYvCC4]Channel cBKYvCC4-->channel has been enabled
2020-09-29 20:00:48,897 INFO com.matis.objdetector.Model.VideoChannel.Channel[BKtF1fEh]Channel BKtF1fEh-->is waiting to be enabled
2020-09-29 20:00:48,898 INFO com.matis.objdetector.Model.VideoChannel.Channel[cBKYvCC4]Channel_cBKYvCC4_launch componnents
2020-09-29 20:00:48,899 INFO com.matis.objdetector.Model.VideoChannel.Channel[cBKYvCC4]Channel_cBKYvCC4_stream_101_launched
2020-09-29 20:00:48,900 INFO com.matis.objdetector.Model.VideoChannel.Channel[cBKYvCC4]Channel_cBKYvCC4_stream_102_launched
2020-09-29 20:00:48,901 INFO com.matis.objdetector.Model.VideoChannel.Channel[cBKYvCC4]Channel_cBKYvCC4_mdetector_launched
2020-09-29 20:00:48,901 INFO com.matis.objdetector.Model.VideoChannel.Channel[cBKYvCC4]Componnents launched
2020-09-29 20:00:49,707 INFO org.apache.juli.logging.DirectJDKLog[http-nio-8080-exec-1]Initializing Spring DispatcherServlet 'dispatcherServlet'
2020-09-29 20:00:49,708 INFO org.springframework.web.servlet.FrameworkServlet[http-nio-8080-exec-1]Initializing Servlet 'dispatcherServlet'
2020-09-29 20:00:49,712 INFO org.springframework.web.servlet.FrameworkServlet[http-nio-8080-exec-1]Completed initialization in 4 ms
2020-09-29 20:00:49,905 INFO com.matis.objdetector.Model.VideoChannel.VideoStream[cBKYvCC4-102]stream released in new thread
2020-09-29 20:00:49,905 INFO com.matis.objdetector.Model.VideoChannel.VideoStream[cBKYvCC4-101]stream released in new thread
2020-09-29 20:00:49,905 INFO com.matis.objdetector.Model.VideoChannel.MotionDetector[pool-42-thread-3MD]MD started
2020-09-29 20:00:49,905 INFO com.matis.objdetector.Model.VideoChannel.VideoStream[cBKYvCC4-102]the stream has been enabled
2020-09-29 20:00:49,905 INFO com.matis.objdetector.Model.VideoChannel.VideoStream[cBKYvCC4-101]the stream has been enabled
